{"D:\\VCET\\VH26-NullPointer\\backend\\scripts\\verify_extreme_scenario.ts": {"path":"D:\\VCET\\VH26-NullPointer\\backend\\scripts\\verify_extreme_scenario.ts","all":true,"statementMap":{"0":{"start":{"line":1,"column":0},"end":{"line":1,"column":61}},"1":{"start":{"line":2,"column":0},"end":{"line":2,"column":65}},"2":{"start":{"line":3,"column":0},"end":{"line":3,"column":82}},"3":{"start":{"line":4,"column":0},"end":{"line":4,"column":71}},"4":{"start":{"line":5,"column":0},"end":{"line":5,"column":87}},"5":{"start":{"line":6,"column":0},"end":{"line":6,"column":70}},"6":{"start":{"line":7,"column":0},"end":{"line":7,"column":69}},"7":{"start":{"line":8,"column":0},"end":{"line":8,"column":61}},"8":{"start":{"line":9,"column":0},"end":{"line":9,"column":65}},"11":{"start":{"line":12,"column":0},"end":{"line":12,"column":30}},"12":{"start":{"line":13,"column":0},"end":{"line":13,"column":82}},"13":{"start":{"line":14,"column":0},"end":{"line":14,"column":81}},"14":{"start":{"line":15,"column":0},"end":{"line":15,"column":92}},"15":{"start":{"line":16,"column":0},"end":{"line":16,"column":84}},"17":{"start":{"line":18,"column":0},"end":{"line":18,"column":39}},"18":{"start":{"line":19,"column":0},"end":{"line":19,"column":48}},"19":{"start":{"line":20,"column":0},"end":{"line":20,"column":74}},"20":{"start":{"line":21,"column":0},"end":{"line":21,"column":58}},"21":{"start":{"line":22,"column":0},"end":{"line":22,"column":82}},"22":{"start":{"line":23,"column":0},"end":{"line":23,"column":48}},"23":{"start":{"line":24,"column":0},"end":{"line":24,"column":17}},"24":{"start":{"line":25,"column":0},"end":{"line":25,"column":19}},"25":{"start":{"line":26,"column":0},"end":{"line":26,"column":27}},"26":{"start":{"line":27,"column":0},"end":{"line":27,"column":18}},"27":{"start":{"line":28,"column":0},"end":{"line":28,"column":4}},"28":{"start":{"line":29,"column":0},"end":{"line":29,"column":52}},"29":{"start":{"line":30,"column":0},"end":{"line":30,"column":92}},"31":{"start":{"line":32,"column":0},"end":{"line":32,"column":36}},"32":{"start":{"line":33,"column":0},"end":{"line":33,"column":11}},"33":{"start":{"line":34,"column":0},"end":{"line":34,"column":17}},"34":{"start":{"line":35,"column":0},"end":{"line":35,"column":19}},"35":{"start":{"line":36,"column":0},"end":{"line":36,"column":19}},"36":{"start":{"line":37,"column":0},"end":{"line":37,"column":18}},"37":{"start":{"line":38,"column":0},"end":{"line":38,"column":4}},"38":{"start":{"line":39,"column":0},"end":{"line":39,"column":56}},"39":{"start":{"line":40,"column":0},"end":{"line":40,"column":26}},"40":{"start":{"line":41,"column":0},"end":{"line":41,"column":31}},"41":{"start":{"line":42,"column":0},"end":{"line":42,"column":62}},"42":{"start":{"line":43,"column":0},"end":{"line":43,"column":6}},"43":{"start":{"line":44,"column":0},"end":{"line":44,"column":29}},"44":{"start":{"line":45,"column":0},"end":{"line":45,"column":64}},"45":{"start":{"line":46,"column":0},"end":{"line":46,"column":5}},"46":{"start":{"line":47,"column":0},"end":{"line":47,"column":4}},"51":{"start":{"line":52,"column":0},"end":{"line":52,"column":95}},"52":{"start":{"line":53,"column":0},"end":{"line":53,"column":34}},"53":{"start":{"line":54,"column":0},"end":{"line":54,"column":31}},"54":{"start":{"line":55,"column":0},"end":{"line":55,"column":25}},"55":{"start":{"line":56,"column":0},"end":{"line":56,"column":42}},"56":{"start":{"line":57,"column":0},"end":{"line":57,"column":22}},"57":{"start":{"line":58,"column":0},"end":{"line":58,"column":28}},"58":{"start":{"line":59,"column":0},"end":{"line":59,"column":28}},"59":{"start":{"line":60,"column":0},"end":{"line":60,"column":27}},"60":{"start":{"line":61,"column":0},"end":{"line":61,"column":23}},"61":{"start":{"line":62,"column":0},"end":{"line":62,"column":6}},"62":{"start":{"line":63,"column":0},"end":{"line":63,"column":45}},"63":{"start":{"line":64,"column":0},"end":{"line":64,"column":29}},"64":{"start":{"line":65,"column":0},"end":{"line":65,"column":3}},"66":{"start":{"line":67,"column":0},"end":{"line":67,"column":58}},"67":{"start":{"line":68,"column":0},"end":{"line":68,"column":116}},"68":{"start":{"line":69,"column":0},"end":{"line":69,"column":99}},"69":{"start":{"line":70,"column":0},"end":{"line":70,"column":77}},"70":{"start":{"line":71,"column":0},"end":{"line":71,"column":73}},"71":{"start":{"line":72,"column":0},"end":{"line":72,"column":73}},"72":{"start":{"line":73,"column":0},"end":{"line":73,"column":71}},"77":{"start":{"line":78,"column":0},"end":{"line":78,"column":113}},"78":{"start":{"line":79,"column":0},"end":{"line":79,"column":37}},"79":{"start":{"line":80,"column":0},"end":{"line":80,"column":37}},"80":{"start":{"line":81,"column":0},"end":{"line":81,"column":28}},"81":{"start":{"line":82,"column":0},"end":{"line":82,"column":42}},"82":{"start":{"line":83,"column":0},"end":{"line":83,"column":22}},"83":{"start":{"line":84,"column":0},"end":{"line":84,"column":28}},"84":{"start":{"line":85,"column":0},"end":{"line":85,"column":28}},"85":{"start":{"line":86,"column":0},"end":{"line":86,"column":27}},"86":{"start":{"line":87,"column":0},"end":{"line":87,"column":23}},"87":{"start":{"line":88,"column":0},"end":{"line":88,"column":6}},"88":{"start":{"line":89,"column":0},"end":{"line":89,"column":51}},"89":{"start":{"line":90,"column":0},"end":{"line":90,"column":47}},"90":{"start":{"line":91,"column":0},"end":{"line":91,"column":22}},"92":{"start":{"line":93,"column":0},"end":{"line":93,"column":5}},"93":{"start":{"line":94,"column":0},"end":{"line":94,"column":3}},"95":{"start":{"line":96,"column":0},"end":{"line":96,"column":80}},"96":{"start":{"line":97,"column":0},"end":{"line":97,"column":112}},"97":{"start":{"line":98,"column":0},"end":{"line":98,"column":75}},"98":{"start":{"line":99,"column":0},"end":{"line":99,"column":83}},"103":{"start":{"line":104,"column":0},"end":{"line":104,"column":69}},"104":{"start":{"line":105,"column":0},"end":{"line":105,"column":100}},"106":{"start":{"line":107,"column":0},"end":{"line":107,"column":41}},"107":{"start":{"line":108,"column":0},"end":{"line":108,"column":21}},"110":{"start":{"line":111,"column":0},"end":{"line":111,"column":47}},"112":{"start":{"line":113,"column":0},"end":{"line":113,"column":91}},"113":{"start":{"line":114,"column":0},"end":{"line":114,"column":37}},"114":{"start":{"line":115,"column":0},"end":{"line":115,"column":35}},"115":{"start":{"line":116,"column":0},"end":{"line":116,"column":26}},"116":{"start":{"line":117,"column":0},"end":{"line":117,"column":42}},"117":{"start":{"line":118,"column":0},"end":{"line":118,"column":22}},"118":{"start":{"line":119,"column":0},"end":{"line":119,"column":28}},"119":{"start":{"line":120,"column":0},"end":{"line":120,"column":28}},"120":{"start":{"line":121,"column":0},"end":{"line":121,"column":27}},"121":{"start":{"line":122,"column":0},"end":{"line":122,"column":23}},"122":{"start":{"line":123,"column":0},"end":{"line":123,"column":6}},"123":{"start":{"line":124,"column":0},"end":{"line":124,"column":49}},"124":{"start":{"line":125,"column":0},"end":{"line":125,"column":33}},"125":{"start":{"line":126,"column":0},"end":{"line":126,"column":3}},"127":{"start":{"line":128,"column":0},"end":{"line":128,"column":47}},"128":{"start":{"line":129,"column":0},"end":{"line":129,"column":20}},"133":{"start":{"line":134,"column":0},"end":{"line":134,"column":46}},"134":{"start":{"line":135,"column":0},"end":{"line":135,"column":81}},"135":{"start":{"line":136,"column":0},"end":{"line":136,"column":90}},"136":{"start":{"line":137,"column":0},"end":{"line":137,"column":46}},"138":{"start":{"line":139,"column":0},"end":{"line":139,"column":84}},"139":{"start":{"line":140,"column":0},"end":{"line":140,"column":75}},"140":{"start":{"line":141,"column":0},"end":{"line":141,"column":82}},"141":{"start":{"line":142,"column":0},"end":{"line":142,"column":28}},"142":{"start":{"line":143,"column":0},"end":{"line":143,"column":135}},"143":{"start":{"line":144,"column":0},"end":{"line":144,"column":97}},"144":{"start":{"line":145,"column":0},"end":{"line":145,"column":60}},"145":{"start":{"line":146,"column":0},"end":{"line":146,"column":104}},"146":{"start":{"line":147,"column":0},"end":{"line":147,"column":73}},"147":{"start":{"line":148,"column":0},"end":{"line":148,"column":56}},"148":{"start":{"line":149,"column":0},"end":{"line":149,"column":65}},"149":{"start":{"line":150,"column":0},"end":{"line":150,"column":18}},"150":{"start":{"line":151,"column":0},"end":{"line":151,"column":50}},"151":{"start":{"line":152,"column":0},"end":{"line":152,"column":62}},"152":{"start":{"line":153,"column":0},"end":{"line":153,"column":63}},"153":{"start":{"line":154,"column":0},"end":{"line":154,"column":50}},"154":{"start":{"line":155,"column":0},"end":{"line":155,"column":58}},"155":{"start":{"line":156,"column":0},"end":{"line":156,"column":65}},"156":{"start":{"line":157,"column":0},"end":{"line":157,"column":82}},"157":{"start":{"line":158,"column":0},"end":{"line":158,"column":53}},"158":{"start":{"line":159,"column":0},"end":{"line":159,"column":109}},"159":{"start":{"line":160,"column":0},"end":{"line":160,"column":18}},"160":{"start":{"line":161,"column":0},"end":{"line":161,"column":49}},"161":{"start":{"line":162,"column":0},"end":{"line":162,"column":73}},"162":{"start":{"line":163,"column":0},"end":{"line":163,"column":73}},"163":{"start":{"line":164,"column":0},"end":{"line":164,"column":77}},"164":{"start":{"line":165,"column":0},"end":{"line":165,"column":84}},"166":{"start":{"line":167,"column":0},"end":{"line":167,"column":74}},"167":{"start":{"line":168,"column":0},"end":{"line":168,"column":51}},"168":{"start":{"line":169,"column":0},"end":{"line":169,"column":25}},"169":{"start":{"line":170,"column":0},"end":{"line":170,"column":128}},"170":{"start":{"line":171,"column":0},"end":{"line":171,"column":3}},"171":{"start":{"line":172,"column":0},"end":{"line":172,"column":84}},"172":{"start":{"line":173,"column":0},"end":{"line":173,"column":1}},"174":{"start":{"line":175,"column":0},"end":{"line":175,"column":35}}},"s":{"0":0,"1":0,"2":0,"3":0,"4":0,"5":0,"6":0,"7":0,"8":0,"11":0,"12":0,"13":0,"14":0,"15":0,"17":0,"18":0,"19":0,"20":0,"21":0,"22":0,"23":0,"24":0,"25":0,"26":0,"27":0,"28":0,"29":0,"31":0,"32":0,"33":0,"34":0,"35":0,"36":0,"37":0,"38":0,"39":0,"40":0,"41":0,"42":0,"43":0,"44":0,"45":0,"46":0,"51":0,"52":0,"53":0,"54":0,"55":0,"56":0,"57":0,"58":0,"59":0,"60":0,"61":0,"62":0,"63":0,"64":0,"66":0,"67":0,"68":0,"69":0,"70":0,"71":0,"72":0,"77":0,"78":0,"79":0,"80":0,"81":0,"82":0,"83":0,"84":0,"85":0,"86":0,"87":0,"88":0,"89":0,"90":0,"92":0,"93":0,"95":0,"96":0,"97":0,"98":0,"103":0,"104":0,"106":0,"107":0,"110":0,"112":0,"113":0,"114":0,"115":0,"116":0,"117":0,"118":0,"119":0,"120":0,"121":0,"122":0,"123":0,"124":0,"125":0,"127":0,"128":0,"133":0,"134":0,"135":0,"136":0,"138":0,"139":0,"140":0,"141":0,"142":0,"143":0,"144":0,"145":0,"146":0,"147":0,"148":0,"149":0,"150":0,"151":0,"152":0,"153":0,"154":0,"155":0,"156":0,"157":0,"158":0,"159":0,"160":0,"161":0,"162":0,"163":0,"164":0,"166":0,"167":0,"168":0,"169":0,"170":0,"171":0,"172":0,"174":0},"branchMap":{"0":{"type":"branch","line":1,"loc":{"start":{"line":1,"column":8360},"end":{"line":175,"column":35}},"locations":[{"start":{"line":1,"column":8360},"end":{"line":175,"column":35}}]}},"b":{"0":[0]},"fnMap":{"0":{"name":"(empty-report)","decl":{"start":{"line":1,"column":8360},"end":{"line":175,"column":35}},"loc":{"start":{"line":1,"column":8360},"end":{"line":175,"column":35}},"line":1}},"f":{"0":0}}
,"D:\\VCET\\VH26-NullPointer\\backend\\src\\server.ts": {"path":"D:\\VCET\\VH26-NullPointer\\backend\\src\\server.ts","all":true,"statementMap":{"0":{"start":{"line":1,"column":0},"end":{"line":1,"column":30}},"1":{"start":{"line":2,"column":0},"end":{"line":2,"column":24}},"2":{"start":{"line":3,"column":0},"end":{"line":3,"column":36}},"3":{"start":{"line":4,"column":0},"end":{"line":4,"column":60}},"4":{"start":{"line":5,"column":0},"end":{"line":5,"column":56}},"5":{"start":{"line":6,"column":0},"end":{"line":6,"column":60}},"6":{"start":{"line":7,"column":0},"end":{"line":7,"column":64}},"7":{"start":{"line":8,"column":0},"end":{"line":8,"column":66}},"8":{"start":{"line":9,"column":0},"end":{"line":9,"column":82}},"9":{"start":{"line":10,"column":0},"end":{"line":10,"column":77}},"10":{"start":{"line":11,"column":0},"end":{"line":11,"column":56}},"11":{"start":{"line":12,"column":0},"end":{"line":12,"column":65}},"12":{"start":{"line":13,"column":0},"end":{"line":13,"column":66}},"13":{"start":{"line":14,"column":0},"end":{"line":14,"column":63}},"14":{"start":{"line":15,"column":0},"end":{"line":15,"column":50}},"15":{"start":{"line":16,"column":0},"end":{"line":16,"column":87}},"16":{"start":{"line":17,"column":0},"end":{"line":17,"column":57}},"17":{"start":{"line":18,"column":0},"end":{"line":18,"column":57}},"18":{"start":{"line":19,"column":0},"end":{"line":19,"column":73}},"20":{"start":{"line":21,"column":0},"end":{"line":21,"column":57}},"21":{"start":{"line":22,"column":0},"end":{"line":22,"column":70}},"22":{"start":{"line":23,"column":0},"end":{"line":23,"column":89}},"24":{"start":{"line":25,"column":0},"end":{"line":25,"column":22}},"25":{"start":{"line":26,"column":0},"end":{"line":26,"column":16}},"26":{"start":{"line":27,"column":0},"end":{"line":27,"column":24}},"28":{"start":{"line":29,"column":0},"end":{"line":29,"column":37}},"29":{"start":{"line":30,"column":0},"end":{"line":30,"column":46}},"30":{"start":{"line":31,"column":0},"end":{"line":31,"column":66}},"31":{"start":{"line":32,"column":0},"end":{"line":32,"column":67}},"32":{"start":{"line":33,"column":0},"end":{"line":33,"column":56}},"33":{"start":{"line":34,"column":0},"end":{"line":34,"column":80}},"34":{"start":{"line":35,"column":0},"end":{"line":35,"column":72}},"35":{"start":{"line":36,"column":0},"end":{"line":36,"column":59}},"37":{"start":{"line":38,"column":0},"end":{"line":38,"column":46}},"38":{"start":{"line":39,"column":0},"end":{"line":39,"column":15}},"39":{"start":{"line":40,"column":0},"end":{"line":40,"column":17}},"40":{"start":{"line":41,"column":0},"end":{"line":41,"column":25}},"41":{"start":{"line":42,"column":0},"end":{"line":42,"column":17}},"42":{"start":{"line":43,"column":0},"end":{"line":43,"column":17}},"43":{"start":{"line":44,"column":0},"end":{"line":44,"column":2}},"44":{"start":{"line":45,"column":0},"end":{"line":45,"column":62}},"46":{"start":{"line":47,"column":0},"end":{"line":47,"column":42}},"47":{"start":{"line":48,"column":0},"end":{"line":48,"column":15}},"48":{"start":{"line":49,"column":0},"end":{"line":49,"column":17}},"49":{"start":{"line":50,"column":0},"end":{"line":50,"column":18}},"50":{"start":{"line":51,"column":0},"end":{"line":51,"column":2}},"52":{"start":{"line":53,"column":0},"end":{"line":53,"column":34}},"53":{"start":{"line":54,"column":0},"end":{"line":54,"column":9}},"54":{"start":{"line":55,"column":0},"end":{"line":55,"column":15}},"55":{"start":{"line":56,"column":0},"end":{"line":56,"column":17}},"56":{"start":{"line":57,"column":0},"end":{"line":57,"column":17}},"57":{"start":{"line":58,"column":0},"end":{"line":58,"column":17}},"58":{"start":{"line":59,"column":0},"end":{"line":59,"column":17}},"59":{"start":{"line":60,"column":0},"end":{"line":60,"column":2}},"60":{"start":{"line":61,"column":0},"end":{"line":61,"column":54}},"63":{"start":{"line":64,"column":0},"end":{"line":64,"column":38}},"64":{"start":{"line":65,"column":0},"end":{"line":65,"column":9}},"65":{"start":{"line":66,"column":0},"end":{"line":66,"column":13}},"66":{"start":{"line":67,"column":0},"end":{"line":67,"column":15}},"67":{"start":{"line":68,"column":0},"end":{"line":68,"column":19}},"68":{"start":{"line":69,"column":0},"end":{"line":69,"column":9}},"69":{"start":{"line":70,"column":0},"end":{"line":70,"column":28}},"70":{"start":{"line":71,"column":0},"end":{"line":71,"column":3}},"71":{"start":{"line":72,"column":0},"end":{"line":72,"column":2}},"72":{"start":{"line":73,"column":0},"end":{"line":73,"column":52}},"75":{"start":{"line":76,"column":0},"end":{"line":76,"column":62}},"76":{"start":{"line":77,"column":0},"end":{"line":77,"column":9}},"77":{"start":{"line":78,"column":0},"end":{"line":78,"column":15}},"78":{"start":{"line":79,"column":0},"end":{"line":79,"column":17}},"79":{"start":{"line":80,"column":0},"end":{"line":80,"column":13}},"80":{"start":{"line":81,"column":0},"end":{"line":81,"column":15}},"81":{"start":{"line":82,"column":0},"end":{"line":82,"column":18}},"82":{"start":{"line":83,"column":0},"end":{"line":83,"column":2}},"83":{"start":{"line":84,"column":0},"end":{"line":84,"column":66}},"86":{"start":{"line":87,"column":0},"end":{"line":87,"column":24}},"87":{"start":{"line":88,"column":0},"end":{"line":88,"column":29}},"88":{"start":{"line":89,"column":0},"end":{"line":89,"column":60}},"89":{"start":{"line":90,"column":0},"end":{"line":90,"column":4}},"90":{"start":{"line":91,"column":0},"end":{"line":91,"column":27}},"91":{"start":{"line":92,"column":0},"end":{"line":92,"column":62}},"92":{"start":{"line":93,"column":0},"end":{"line":93,"column":3}},"93":{"start":{"line":94,"column":0},"end":{"line":94,"column":2}},"96":{"start":{"line":97,"column":0},"end":{"line":97,"column":47}},"97":{"start":{"line":98,"column":0},"end":{"line":98,"column":98}},"100":{"start":{"line":101,"column":0},"end":{"line":101,"column":37}},"101":{"start":{"line":102,"column":0},"end":{"line":102,"column":9}},"102":{"start":{"line":103,"column":0},"end":{"line":103,"column":14}},"103":{"start":{"line":104,"column":0},"end":{"line":104,"column":48}},"104":{"start":{"line":105,"column":0},"end":{"line":105,"column":32}},"105":{"start":{"line":106,"column":0},"end":{"line":106,"column":4}},"106":{"start":{"line":107,"column":0},"end":{"line":107,"column":16}},"107":{"start":{"line":108,"column":0},"end":{"line":108,"column":19}},"108":{"start":{"line":109,"column":0},"end":{"line":109,"column":2}},"110":{"start":{"line":111,"column":0},"end":{"line":111,"column":46}},"111":{"start":{"line":112,"column":0},"end":{"line":112,"column":52}},"114":{"start":{"line":115,"column":0},"end":{"line":115,"column":19}},"115":{"start":{"line":116,"column":0},"end":{"line":116,"column":21}},"118":{"start":{"line":119,"column":0},"end":{"line":119,"column":8}},"119":{"start":{"line":120,"column":0},"end":{"line":120,"column":9}},"120":{"start":{"line":121,"column":0},"end":{"line":121,"column":18}},"121":{"start":{"line":122,"column":0},"end":{"line":122,"column":14}},"122":{"start":{"line":123,"column":0},"end":{"line":123,"column":21}},"123":{"start":{"line":124,"column":0},"end":{"line":124,"column":11}},"124":{"start":{"line":125,"column":0},"end":{"line":125,"column":18}},"125":{"start":{"line":126,"column":0},"end":{"line":126,"column":20}},"126":{"start":{"line":127,"column":0},"end":{"line":127,"column":17}},"127":{"start":{"line":128,"column":0},"end":{"line":128,"column":22}},"128":{"start":{"line":129,"column":0},"end":{"line":129,"column":19}},"129":{"start":{"line":130,"column":0},"end":{"line":130,"column":28}},"130":{"start":{"line":131,"column":0},"end":{"line":131,"column":3}},"131":{"start":{"line":132,"column":0},"end":{"line":132,"column":2}},"133":{"start":{"line":134,"column":0},"end":{"line":134,"column":37}},"134":{"start":{"line":135,"column":0},"end":{"line":135,"column":60}},"137":{"start":{"line":138,"column":0},"end":{"line":138,"column":81}},"138":{"start":{"line":139,"column":0},"end":{"line":139,"column":56}},"139":{"start":{"line":140,"column":0},"end":{"line":140,"column":9}},"140":{"start":{"line":141,"column":0},"end":{"line":141,"column":93}},"143":{"start":{"line":144,"column":0},"end":{"line":144,"column":34}},"146":{"start":{"line":147,"column":0},"end":{"line":147,"column":53}},"149":{"start":{"line":150,"column":0},"end":{"line":150,"column":34}},"151":{"start":{"line":152,"column":0},"end":{"line":152,"column":18}},"152":{"start":{"line":153,"column":0},"end":{"line":153,"column":142}},"153":{"start":{"line":154,"column":0},"end":{"line":154,"column":8}},"154":{"start":{"line":155,"column":0},"end":{"line":155,"column":13}},"155":{"start":{"line":156,"column":0},"end":{"line":156,"column":24}},"156":{"start":{"line":157,"column":0},"end":{"line":157,"column":87}},"157":{"start":{"line":158,"column":0},"end":{"line":158,"column":30}},"158":{"start":{"line":159,"column":0},"end":{"line":159,"column":69}},"159":{"start":{"line":160,"column":0},"end":{"line":160,"column":14}},"160":{"start":{"line":161,"column":0},"end":{"line":161,"column":124}},"161":{"start":{"line":162,"column":0},"end":{"line":162,"column":7}},"162":{"start":{"line":163,"column":0},"end":{"line":163,"column":5}},"163":{"start":{"line":164,"column":0},"end":{"line":164,"column":3}},"164":{"start":{"line":165,"column":0},"end":{"line":165,"column":1}},"166":{"start":{"line":167,"column":0},"end":{"line":167,"column":38}},"168":{"start":{"line":169,"column":0},"end":{"line":169,"column":38}},"169":{"start":{"line":170,"column":0},"end":{"line":170,"column":31}},"170":{"start":{"line":171,"column":0},"end":{"line":171,"column":81}},"171":{"start":{"line":172,"column":0},"end":{"line":172,"column":106}},"172":{"start":{"line":173,"column":0},"end":{"line":173,"column":132}},"173":{"start":{"line":174,"column":0},"end":{"line":174,"column":106}},"174":{"start":{"line":175,"column":0},"end":{"line":175,"column":3}},"177":{"start":{"line":178,"column":0},"end":{"line":178,"column":36}},"178":{"start":{"line":179,"column":0},"end":{"line":179,"column":56}},"179":{"start":{"line":180,"column":0},"end":{"line":180,"column":7}},"180":{"start":{"line":181,"column":0},"end":{"line":181,"column":31}},"181":{"start":{"line":182,"column":0},"end":{"line":182,"column":31}},"182":{"start":{"line":183,"column":0},"end":{"line":183,"column":12}},"183":{"start":{"line":184,"column":0},"end":{"line":184,"column":22}},"184":{"start":{"line":185,"column":0},"end":{"line":185,"column":20}},"185":{"start":{"line":186,"column":0},"end":{"line":186,"column":18}},"186":{"start":{"line":187,"column":0},"end":{"line":187,"column":2}},"188":{"start":{"line":189,"column":0},"end":{"line":189,"column":37}},"189":{"start":{"line":190,"column":0},"end":{"line":190,"column":38}}},"s":{"0":0,"1":0,"2":0,"3":0,"4":0,"5":0,"6":0,"7":0,"8":0,"9":0,"10":0,"11":0,"12":0,"13":0,"14":0,"15":0,"16":0,"17":0,"18":0,"20":0,"21":0,"22":0,"24":0,"25":0,"26":0,"28":0,"29":0,"30":0,"31":0,"32":0,"33":0,"34":0,"35":0,"37":0,"38":0,"39":0,"40":0,"41":0,"42":0,"43":0,"44":0,"46":0,"47":0,"48":0,"49":0,"50":0,"52":0,"53":0,"54":0,"55":0,"56":0,"57":0,"58":0,"59":0,"60":0,"63":0,"64":0,"65":0,"66":0,"67":0,"68":0,"69":0,"70":0,"71":0,"72":0,"75":0,"76":0,"77":0,"78":0,"79":0,"80":0,"81":0,"82":0,"83":0,"86":0,"87":0,"88":0,"89":0,"90":0,"91":0,"92":0,"93":0,"96":0,"97":0,"100":0,"101":0,"102":0,"103":0,"104":0,"105":0,"106":0,"107":0,"108":0,"110":0,"111":0,"114":0,"115":0,"118":0,"119":0,"120":0,"121":0,"122":0,"123":0,"124":0,"125":0,"126":0,"127":0,"128":0,"129":0,"130":0,"131":0,"133":0,"134":0,"137":0,"138":0,"139":0,"140":0,"143":0,"146":0,"149":0,"151":0,"152":0,"153":0,"154":0,"155":0,"156":0,"157":0,"158":0,"159":0,"160":0,"161":0,"162":0,"163":0,"164":0,"166":0,"168":0,"169":0,"170":0,"171":0,"172":0,"173":0,"174":0,"177":0,"178":0,"179":0,"180":0,"181":0,"182":0,"183":0,"184":0,"185":0,"186":0,"188":0,"189":0},"branchMap":{"0":{"type":"branch","line":1,"loc":{"start":{"line":1,"column":0},"end":{"line":190,"column":-1319}},"locations":[{"start":{"line":1,"column":0},"end":{"line":190,"column":-1319}}]}},"b":{"0":[0]},"fnMap":{"0":{"name":"(empty-report)","decl":{"start":{"line":1,"column":0},"end":{"line":190,"column":-1319}},"loc":{"start":{"line":1,"column":0},"end":{"line":190,"column":-1319}},"line":1}},"f":{"0":0}}
,"D:\\VCET\\VH26-NullPointer\\backend\\src\\api\\routes.ts": {"path":"D:\\VCET\\VH26-NullPointer\\backend\\src\\api\\routes.ts","all":false,"statementMap":{"0":{"start":{"line":1,"column":0},"end":{"line":1,"column":33}},"21":{"start":{"line":22,"column":0},"end":{"line":22,"column":32}},"22":{"start":{"line":23,"column":0},"end":{"line":23,"column":28}},"23":{"start":{"line":24,"column":0},"end":{"line":24,"column":37}},"24":{"start":{"line":25,"column":0},"end":{"line":25,"column":25}},"25":{"start":{"line":26,"column":0},"end":{"line":26,"column":37}},"26":{"start":{"line":27,"column":0},"end":{"line":27,"column":36}},"27":{"start":{"line":28,"column":0},"end":{"line":28,"column":30}},"28":{"start":{"line":29,"column":0},"end":{"line":29,"column":40}},"29":{"start":{"line":30,"column":0},"end":{"line":30,"column":34}},"30":{"start":{"line":31,"column":0},"end":{"line":31,"column":43}},"31":{"start":{"line":32,"column":0},"end":{"line":32,"column":11}},"32":{"start":{"line":33,"column":0},"end":{"line":33,"column":26}},"34":{"start":{"line":35,"column":0},"end":{"line":35,"column":40}},"35":{"start":{"line":36,"column":0},"end":{"line":36,"column":41}},"36":{"start":{"line":37,"column":0},"end":{"line":37,"column":14}},"37":{"start":{"line":38,"column":0},"end":{"line":38,"column":19}},"38":{"start":{"line":39,"column":0},"end":{"line":39,"column":28}},"39":{"start":{"line":40,"column":0},"end":{"line":40,"column":14}},"40":{"start":{"line":41,"column":0},"end":{"line":41,"column":41}},"41":{"start":{"line":42,"column":0},"end":{"line":42,"column":49}},"42":{"start":{"line":43,"column":0},"end":{"line":43,"column":49}},"43":{"start":{"line":44,"column":0},"end":{"line":44,"column":37}},"44":{"start":{"line":45,"column":0},"end":{"line":45,"column":33}},"45":{"start":{"line":46,"column":0},"end":{"line":46,"column":8}},"46":{"start":{"line":47,"column":0},"end":{"line":47,"column":7}},"47":{"start":{"line":48,"column":0},"end":{"line":48,"column":5}},"49":{"start":{"line":50,"column":0},"end":{"line":50,"column":41}},"50":{"start":{"line":51,"column":0},"end":{"line":51,"column":45}},"51":{"start":{"line":52,"column":0},"end":{"line":52,"column":5}},"56":{"start":{"line":57,"column":0},"end":{"line":57,"column":46}},"57":{"start":{"line":58,"column":0},"end":{"line":58,"column":60}},"60":{"start":{"line":61,"column":0},"end":{"line":61,"column":40}},"61":{"start":{"line":62,"column":0},"end":{"line":62,"column":95}},"62":{"start":{"line":63,"column":0},"end":{"line":63,"column":5}},"64":{"start":{"line":65,"column":0},"end":{"line":65,"column":73}},"65":{"start":{"line":66,"column":0},"end":{"line":66,"column":46}},"66":{"start":{"line":67,"column":0},"end":{"line":67,"column":35}},"67":{"start":{"line":68,"column":0},"end":{"line":68,"column":99}},"68":{"start":{"line":69,"column":0},"end":{"line":69,"column":9}},"69":{"start":{"line":70,"column":0},"end":{"line":70,"column":5}},"71":{"start":{"line":72,"column":0},"end":{"line":72,"column":54}},"72":{"start":{"line":73,"column":0},"end":{"line":73,"column":117}},"73":{"start":{"line":74,"column":0},"end":{"line":74,"column":5}},"76":{"start":{"line":77,"column":0},"end":{"line":77,"column":45}},"77":{"start":{"line":78,"column":0},"end":{"line":78,"column":11}},"78":{"start":{"line":79,"column":0},"end":{"line":79,"column":37}},"79":{"start":{"line":80,"column":0},"end":{"line":80,"column":13}},"80":{"start":{"line":81,"column":0},"end":{"line":81,"column":15}},"81":{"start":{"line":82,"column":0},"end":{"line":82,"column":20}},"82":{"start":{"line":83,"column":0},"end":{"line":83,"column":33}},"83":{"start":{"line":84,"column":0},"end":{"line":84,"column":11}},"85":{"start":{"line":86,"column":0},"end":{"line":86,"column":37}},"86":{"start":{"line":87,"column":0},"end":{"line":87,"column":29}},"87":{"start":{"line":88,"column":0},"end":{"line":88,"column":22}},"88":{"start":{"line":89,"column":0},"end":{"line":89,"column":36}},"89":{"start":{"line":90,"column":0},"end":{"line":90,"column":11}},"90":{"start":{"line":91,"column":0},"end":{"line":91,"column":26}},"91":{"start":{"line":92,"column":0},"end":{"line":92,"column":37}},"92":{"start":{"line":93,"column":0},"end":{"line":93,"column":29}},"93":{"start":{"line":94,"column":0},"end":{"line":94,"column":68}},"94":{"start":{"line":95,"column":0},"end":{"line":95,"column":22}},"95":{"start":{"line":96,"column":0},"end":{"line":96,"column":11}},"96":{"start":{"line":97,"column":0},"end":{"line":97,"column":7}},"97":{"start":{"line":98,"column":0},"end":{"line":98,"column":32}},"99":{"start":{"line":100,"column":0},"end":{"line":100,"column":56}},"100":{"start":{"line":101,"column":0},"end":{"line":101,"column":30}},"101":{"start":{"line":102,"column":0},"end":{"line":102,"column":90}},"102":{"start":{"line":103,"column":0},"end":{"line":103,"column":32}},"103":{"start":{"line":104,"column":0},"end":{"line":104,"column":34}},"104":{"start":{"line":105,"column":0},"end":{"line":105,"column":39}},"105":{"start":{"line":106,"column":0},"end":{"line":106,"column":31}},"106":{"start":{"line":107,"column":0},"end":{"line":107,"column":40}},"107":{"start":{"line":108,"column":0},"end":{"line":108,"column":24}},"108":{"start":{"line":109,"column":0},"end":{"line":109,"column":34}},"109":{"start":{"line":110,"column":0},"end":{"line":110,"column":13}},"110":{"start":{"line":111,"column":0},"end":{"line":111,"column":9}},"111":{"start":{"line":112,"column":0},"end":{"line":112,"column":7}},"113":{"start":{"line":114,"column":0},"end":{"line":114,"column":29}},"114":{"start":{"line":115,"column":0},"end":{"line":115,"column":11}},"115":{"start":{"line":116,"column":0},"end":{"line":116,"column":32}},"116":{"start":{"line":117,"column":0},"end":{"line":117,"column":17}},"117":{"start":{"line":118,"column":0},"end":{"line":118,"column":31}},"118":{"start":{"line":119,"column":0},"end":{"line":119,"column":29}},"119":{"start":{"line":120,"column":0},"end":{"line":120,"column":29}},"120":{"start":{"line":121,"column":0},"end":{"line":121,"column":34}},"121":{"start":{"line":122,"column":0},"end":{"line":122,"column":8}},"123":{"start":{"line":124,"column":0},"end":{"line":124,"column":58}},"124":{"start":{"line":125,"column":0},"end":{"line":125,"column":42}},"125":{"start":{"line":126,"column":0},"end":{"line":126,"column":30}},"127":{"start":{"line":128,"column":0},"end":{"line":128,"column":35}},"128":{"start":{"line":129,"column":0},"end":{"line":129,"column":27}},"129":{"start":{"line":130,"column":0},"end":{"line":130,"column":20}},"130":{"start":{"line":131,"column":0},"end":{"line":131,"column":9}},"131":{"start":{"line":132,"column":0},"end":{"line":132,"column":12}},"132":{"start":{"line":133,"column":0},"end":{"line":133,"column":35}},"133":{"start":{"line":134,"column":0},"end":{"line":134,"column":27}},"134":{"start":{"line":135,"column":0},"end":{"line":135,"column":67}},"135":{"start":{"line":136,"column":0},"end":{"line":136,"column":20}},"136":{"start":{"line":137,"column":0},"end":{"line":137,"column":9}},"137":{"start":{"line":138,"column":0},"end":{"line":138,"column":5}},"138":{"start":{"line":139,"column":0},"end":{"line":139,"column":5}},"143":{"start":{"line":144,"column":0},"end":{"line":144,"column":50}},"144":{"start":{"line":145,"column":0},"end":{"line":145,"column":28}},"145":{"start":{"line":146,"column":0},"end":{"line":146,"column":28}},"146":{"start":{"line":147,"column":0},"end":{"line":147,"column":98}},"147":{"start":{"line":148,"column":0},"end":{"line":148,"column":5}},"149":{"start":{"line":150,"column":0},"end":{"line":150,"column":48}},"150":{"start":{"line":151,"column":0},"end":{"line":151,"column":66}},"151":{"start":{"line":152,"column":0},"end":{"line":152,"column":62}},"152":{"start":{"line":153,"column":0},"end":{"line":153,"column":104}},"153":{"start":{"line":154,"column":0},"end":{"line":154,"column":5}},"154":{"start":{"line":155,"column":0},"end":{"line":155,"column":28}},"155":{"start":{"line":156,"column":0},"end":{"line":156,"column":28}},"156":{"start":{"line":157,"column":0},"end":{"line":157,"column":14}},"157":{"start":{"line":158,"column":0},"end":{"line":158,"column":75}},"158":{"start":{"line":159,"column":0},"end":{"line":159,"column":11}},"159":{"start":{"line":160,"column":0},"end":{"line":160,"column":32}},"160":{"start":{"line":161,"column":0},"end":{"line":161,"column":7}},"161":{"start":{"line":162,"column":0},"end":{"line":162,"column":5}},"163":{"start":{"line":164,"column":0},"end":{"line":164,"column":49}},"164":{"start":{"line":165,"column":0},"end":{"line":165,"column":72}},"165":{"start":{"line":166,"column":0},"end":{"line":166,"column":64}},"166":{"start":{"line":167,"column":0},"end":{"line":167,"column":36}},"167":{"start":{"line":168,"column":0},"end":{"line":168,"column":30}},"168":{"start":{"line":169,"column":0},"end":{"line":169,"column":23}},"169":{"start":{"line":170,"column":0},"end":{"line":170,"column":81}},"170":{"start":{"line":171,"column":0},"end":{"line":171,"column":25}},"171":{"start":{"line":172,"column":0},"end":{"line":172,"column":34}},"172":{"start":{"line":173,"column":0},"end":{"line":173,"column":9}},"173":{"start":{"line":174,"column":0},"end":{"line":174,"column":5}},"174":{"start":{"line":175,"column":0},"end":{"line":175,"column":29}},"175":{"start":{"line":176,"column":0},"end":{"line":176,"column":28}},"176":{"start":{"line":177,"column":0},"end":{"line":177,"column":96}},"177":{"start":{"line":178,"column":0},"end":{"line":178,"column":5}},"179":{"start":{"line":180,"column":0},"end":{"line":180,"column":51}},"180":{"start":{"line":181,"column":0},"end":{"line":181,"column":28}},"181":{"start":{"line":182,"column":0},"end":{"line":182,"column":28}},"182":{"start":{"line":183,"column":0},"end":{"line":183,"column":89}},"183":{"start":{"line":184,"column":0},"end":{"line":184,"column":5}},"185":{"start":{"line":186,"column":0},"end":{"line":186,"column":49}},"186":{"start":{"line":187,"column":0},"end":{"line":187,"column":21}},"187":{"start":{"line":188,"column":0},"end":{"line":188,"column":28}},"188":{"start":{"line":189,"column":0},"end":{"line":189,"column":64}},"189":{"start":{"line":190,"column":0},"end":{"line":190,"column":5}},"191":{"start":{"line":192,"column":0},"end":{"line":192,"column":50}},"192":{"start":{"line":193,"column":0},"end":{"line":193,"column":21}},"193":{"start":{"line":194,"column":0},"end":{"line":194,"column":29}},"194":{"start":{"line":195,"column":0},"end":{"line":195,"column":28}},"195":{"start":{"line":196,"column":0},"end":{"line":196,"column":73}},"196":{"start":{"line":197,"column":0},"end":{"line":197,"column":5}},"201":{"start":{"line":202,"column":0},"end":{"line":202,"column":52}},"202":{"start":{"line":203,"column":0},"end":{"line":203,"column":52}},"203":{"start":{"line":204,"column":0},"end":{"line":204,"column":53}},"204":{"start":{"line":205,"column":0},"end":{"line":205,"column":63}},"206":{"start":{"line":207,"column":0},"end":{"line":207,"column":14}},"207":{"start":{"line":208,"column":0},"end":{"line":208,"column":32}},"208":{"start":{"line":209,"column":0},"end":{"line":209,"column":38}},"209":{"start":{"line":210,"column":0},"end":{"line":210,"column":13}},"210":{"start":{"line":211,"column":0},"end":{"line":211,"column":37}},"211":{"start":{"line":212,"column":0},"end":{"line":212,"column":60}},"212":{"start":{"line":213,"column":0},"end":{"line":213,"column":66}},"213":{"start":{"line":214,"column":0},"end":{"line":214,"column":46}},"214":{"start":{"line":215,"column":0},"end":{"line":215,"column":45}},"215":{"start":{"line":216,"column":0},"end":{"line":216,"column":41}},"216":{"start":{"line":217,"column":0},"end":{"line":217,"column":7}},"217":{"start":{"line":218,"column":0},"end":{"line":218,"column":5}},"219":{"start":{"line":220,"column":0},"end":{"line":220,"column":52}},"220":{"start":{"line":221,"column":0},"end":{"line":221,"column":40}},"222":{"start":{"line":223,"column":0},"end":{"line":223,"column":58}},"223":{"start":{"line":224,"column":0},"end":{"line":224,"column":35}},"224":{"start":{"line":225,"column":0},"end":{"line":225,"column":118}},"225":{"start":{"line":226,"column":0},"end":{"line":226,"column":9}},"226":{"start":{"line":227,"column":0},"end":{"line":227,"column":5}},"228":{"start":{"line":229,"column":0},"end":{"line":229,"column":32}},"229":{"start":{"line":230,"column":0},"end":{"line":230,"column":35}},"230":{"start":{"line":231,"column":0},"end":{"line":231,"column":104}},"231":{"start":{"line":232,"column":0},"end":{"line":232,"column":48}},"232":{"start":{"line":233,"column":0},"end":{"line":233,"column":24}},"233":{"start":{"line":234,"column":0},"end":{"line":234,"column":9}},"234":{"start":{"line":235,"column":0},"end":{"line":235,"column":5}},"236":{"start":{"line":237,"column":0},"end":{"line":237,"column":36}},"237":{"start":{"line":238,"column":0},"end":{"line":238,"column":40}},"238":{"start":{"line":239,"column":0},"end":{"line":239,"column":28}},"240":{"start":{"line":241,"column":0},"end":{"line":241,"column":46}},"241":{"start":{"line":242,"column":0},"end":{"line":242,"column":14}},"242":{"start":{"line":243,"column":0},"end":{"line":243,"column":54}},"243":{"start":{"line":244,"column":0},"end":{"line":244,"column":15}},"244":{"start":{"line":245,"column":0},"end":{"line":245,"column":13}},"245":{"start":{"line":246,"column":0},"end":{"line":246,"column":37}},"246":{"start":{"line":247,"column":0},"end":{"line":247,"column":60}},"247":{"start":{"line":248,"column":0},"end":{"line":248,"column":66}},"248":{"start":{"line":249,"column":0},"end":{"line":249,"column":7}},"249":{"start":{"line":250,"column":0},"end":{"line":250,"column":5}},"251":{"start":{"line":252,"column":0},"end":{"line":252,"column":59}},"252":{"start":{"line":253,"column":0},"end":{"line":253,"column":40}},"253":{"start":{"line":254,"column":0},"end":{"line":254,"column":28}},"254":{"start":{"line":255,"column":0},"end":{"line":255,"column":14}},"255":{"start":{"line":256,"column":0},"end":{"line":256,"column":49}},"256":{"start":{"line":257,"column":0},"end":{"line":257,"column":65}},"257":{"start":{"line":258,"column":0},"end":{"line":258,"column":7}},"258":{"start":{"line":259,"column":0},"end":{"line":259,"column":5}},"260":{"start":{"line":261,"column":0},"end":{"line":261,"column":53}},"261":{"start":{"line":262,"column":0},"end":{"line":262,"column":9}},"262":{"start":{"line":263,"column":0},"end":{"line":263,"column":62}},"263":{"start":{"line":264,"column":0},"end":{"line":264,"column":66}},"264":{"start":{"line":265,"column":0},"end":{"line":265,"column":27}},"265":{"start":{"line":266,"column":0},"end":{"line":266,"column":24}},"266":{"start":{"line":267,"column":0},"end":{"line":267,"column":84}},"267":{"start":{"line":268,"column":0},"end":{"line":268,"column":5}},"268":{"start":{"line":269,"column":0},"end":{"line":269,"column":5}},"270":{"start":{"line":271,"column":0},"end":{"line":271,"column":40}},"271":{"start":{"line":272,"column":0},"end":{"line":272,"column":21}},"272":{"start":{"line":273,"column":0},"end":{"line":273,"column":5}},"277":{"start":{"line":278,"column":0},"end":{"line":278,"column":46}},"278":{"start":{"line":279,"column":0},"end":{"line":279,"column":27}},"279":{"start":{"line":280,"column":0},"end":{"line":280,"column":93}},"280":{"start":{"line":281,"column":0},"end":{"line":281,"column":5}},"281":{"start":{"line":282,"column":0},"end":{"line":282,"column":38}},"282":{"start":{"line":283,"column":0},"end":{"line":283,"column":44}},"283":{"start":{"line":284,"column":0},"end":{"line":284,"column":49}},"284":{"start":{"line":285,"column":0},"end":{"line":285,"column":28}},"285":{"start":{"line":286,"column":0},"end":{"line":286,"column":14}},"286":{"start":{"line":287,"column":0},"end":{"line":287,"column":18}},"287":{"start":{"line":288,"column":0},"end":{"line":288,"column":11}},"288":{"start":{"line":289,"column":0},"end":{"line":289,"column":89}},"289":{"start":{"line":290,"column":0},"end":{"line":290,"column":38}},"290":{"start":{"line":291,"column":0},"end":{"line":291,"column":7}},"291":{"start":{"line":292,"column":0},"end":{"line":292,"column":5}},"293":{"start":{"line":294,"column":0},"end":{"line":294,"column":54}},"294":{"start":{"line":295,"column":0},"end":{"line":295,"column":27}},"295":{"start":{"line":296,"column":0},"end":{"line":296,"column":79}},"296":{"start":{"line":297,"column":0},"end":{"line":297,"column":5}},"297":{"start":{"line":298,"column":0},"end":{"line":298,"column":45}},"298":{"start":{"line":299,"column":0},"end":{"line":299,"column":5}},"303":{"start":{"line":304,"column":0},"end":{"line":304,"column":53}},"304":{"start":{"line":305,"column":0},"end":{"line":305,"column":24}},"305":{"start":{"line":306,"column":0},"end":{"line":306,"column":76}},"306":{"start":{"line":307,"column":0},"end":{"line":307,"column":5}},"307":{"start":{"line":308,"column":0},"end":{"line":308,"column":42}},"308":{"start":{"line":309,"column":0},"end":{"line":309,"column":5}},"315":{"start":{"line":316,"column":0},"end":{"line":316,"column":51}},"316":{"start":{"line":317,"column":0},"end":{"line":317,"column":24}},"317":{"start":{"line":318,"column":0},"end":{"line":318,"column":76}},"318":{"start":{"line":319,"column":0},"end":{"line":319,"column":5}},"319":{"start":{"line":320,"column":0},"end":{"line":320,"column":34}},"320":{"start":{"line":321,"column":0},"end":{"line":321,"column":28}},"321":{"start":{"line":322,"column":0},"end":{"line":322,"column":14}},"322":{"start":{"line":323,"column":0},"end":{"line":323,"column":51}},"323":{"start":{"line":324,"column":0},"end":{"line":324,"column":45}},"324":{"start":{"line":325,"column":0},"end":{"line":325,"column":7}},"325":{"start":{"line":326,"column":0},"end":{"line":326,"column":5}},"330":{"start":{"line":331,"column":0},"end":{"line":331,"column":49}},"331":{"start":{"line":332,"column":0},"end":{"line":332,"column":29}},"332":{"start":{"line":333,"column":0},"end":{"line":333,"column":81}},"333":{"start":{"line":334,"column":0},"end":{"line":334,"column":5}},"334":{"start":{"line":335,"column":0},"end":{"line":335,"column":47}},"335":{"start":{"line":336,"column":0},"end":{"line":336,"column":5}},"341":{"start":{"line":342,"column":0},"end":{"line":342,"column":48}},"342":{"start":{"line":343,"column":0},"end":{"line":343,"column":29}},"343":{"start":{"line":344,"column":0},"end":{"line":344,"column":81}},"344":{"start":{"line":345,"column":0},"end":{"line":345,"column":5}},"346":{"start":{"line":347,"column":0},"end":{"line":347,"column":102}},"347":{"start":{"line":348,"column":0},"end":{"line":348,"column":74}},"348":{"start":{"line":349,"column":0},"end":{"line":349,"column":46}},"349":{"start":{"line":350,"column":0},"end":{"line":350,"column":27}},"352":{"start":{"line":353,"column":0},"end":{"line":353,"column":88}},"353":{"start":{"line":354,"column":0},"end":{"line":354,"column":30}},"355":{"start":{"line":356,"column":0},"end":{"line":356,"column":30}},"356":{"start":{"line":357,"column":0},"end":{"line":357,"column":27}},"357":{"start":{"line":358,"column":0},"end":{"line":358,"column":27}},"358":{"start":{"line":359,"column":0},"end":{"line":359,"column":31}},"359":{"start":{"line":360,"column":0},"end":{"line":360,"column":26}},"360":{"start":{"line":361,"column":0},"end":{"line":361,"column":26}},"361":{"start":{"line":362,"column":0},"end":{"line":362,"column":19}},"362":{"start":{"line":363,"column":0},"end":{"line":363,"column":87}},"363":{"start":{"line":364,"column":0},"end":{"line":364,"column":25}},"364":{"start":{"line":365,"column":0},"end":{"line":365,"column":24}},"365":{"start":{"line":366,"column":0},"end":{"line":366,"column":36}},"366":{"start":{"line":367,"column":0},"end":{"line":367,"column":10}},"367":{"start":{"line":368,"column":0},"end":{"line":368,"column":60}},"368":{"start":{"line":369,"column":0},"end":{"line":369,"column":44}},"369":{"start":{"line":370,"column":0},"end":{"line":370,"column":7}},"370":{"start":{"line":371,"column":0},"end":{"line":371,"column":5}},"373":{"start":{"line":374,"column":0},"end":{"line":374,"column":88}},"376":{"start":{"line":377,"column":0},"end":{"line":377,"column":28}},"378":{"start":{"line":379,"column":0},"end":{"line":379,"column":21}},"379":{"start":{"line":380,"column":0},"end":{"line":380,"column":57}},"380":{"start":{"line":381,"column":0},"end":{"line":381,"column":24}},"381":{"start":{"line":382,"column":0},"end":{"line":382,"column":29}},"382":{"start":{"line":383,"column":0},"end":{"line":383,"column":24}},"383":{"start":{"line":384,"column":0},"end":{"line":384,"column":17}},"384":{"start":{"line":385,"column":0},"end":{"line":385,"column":62}},"385":{"start":{"line":386,"column":0},"end":{"line":386,"column":40}},"386":{"start":{"line":387,"column":0},"end":{"line":387,"column":8}},"387":{"start":{"line":388,"column":0},"end":{"line":388,"column":25}},"388":{"start":{"line":389,"column":0},"end":{"line":389,"column":29}},"389":{"start":{"line":390,"column":0},"end":{"line":390,"column":24}},"390":{"start":{"line":391,"column":0},"end":{"line":391,"column":17}},"391":{"start":{"line":392,"column":0},"end":{"line":392,"column":27}},"392":{"start":{"line":393,"column":0},"end":{"line":393,"column":40}},"393":{"start":{"line":394,"column":0},"end":{"line":394,"column":30}},"394":{"start":{"line":395,"column":0},"end":{"line":395,"column":8}},"395":{"start":{"line":396,"column":0},"end":{"line":396,"column":50}},"396":{"start":{"line":397,"column":0},"end":{"line":397,"column":7}},"397":{"start":{"line":398,"column":0},"end":{"line":398,"column":5}},"402":{"start":{"line":403,"column":0},"end":{"line":403,"column":47}},"403":{"start":{"line":404,"column":0},"end":{"line":404,"column":26}},"404":{"start":{"line":405,"column":0},"end":{"line":405,"column":88}},"405":{"start":{"line":406,"column":0},"end":{"line":406,"column":5}},"406":{"start":{"line":407,"column":0},"end":{"line":407,"column":44}},"407":{"start":{"line":408,"column":0},"end":{"line":408,"column":5}},"413":{"start":{"line":414,"column":0},"end":{"line":414,"column":47}},"414":{"start":{"line":415,"column":0},"end":{"line":415,"column":26}},"415":{"start":{"line":416,"column":0},"end":{"line":416,"column":88}},"416":{"start":{"line":417,"column":0},"end":{"line":417,"column":5}},"418":{"start":{"line":419,"column":0},"end":{"line":419,"column":24}},"419":{"start":{"line":420,"column":0},"end":{"line":420,"column":17}},"420":{"start":{"line":421,"column":0},"end":{"line":421,"column":46}},"421":{"start":{"line":422,"column":0},"end":{"line":422,"column":51}},"422":{"start":{"line":423,"column":0},"end":{"line":423,"column":43}},"423":{"start":{"line":424,"column":0},"end":{"line":424,"column":47}},"424":{"start":{"line":425,"column":0},"end":{"line":425,"column":45}},"426":{"start":{"line":427,"column":0},"end":{"line":427,"column":15}},"427":{"start":{"line":428,"column":0},"end":{"line":428,"column":23}},"428":{"start":{"line":429,"column":0},"end":{"line":429,"column":59}},"429":{"start":{"line":430,"column":0},"end":{"line":430,"column":12}},"430":{"start":{"line":431,"column":0},"end":{"line":431,"column":51}},"431":{"start":{"line":432,"column":0},"end":{"line":432,"column":64}},"432":{"start":{"line":433,"column":0},"end":{"line":433,"column":5}},"434":{"start":{"line":435,"column":0},"end":{"line":435,"column":28}},"436":{"start":{"line":437,"column":0},"end":{"line":437,"column":21}},"437":{"start":{"line":438,"column":0},"end":{"line":438,"column":49}},"438":{"start":{"line":439,"column":0},"end":{"line":439,"column":13}},"439":{"start":{"line":440,"column":0},"end":{"line":440,"column":47}},"440":{"start":{"line":441,"column":0},"end":{"line":441,"column":7}},"441":{"start":{"line":442,"column":0},"end":{"line":442,"column":5}},"443":{"start":{"line":444,"column":0},"end":{"line":444,"column":55}},"444":{"start":{"line":445,"column":0},"end":{"line":445,"column":26}},"445":{"start":{"line":446,"column":0},"end":{"line":446,"column":88}},"446":{"start":{"line":447,"column":0},"end":{"line":447,"column":5}},"448":{"start":{"line":449,"column":0},"end":{"line":449,"column":9}},"449":{"start":{"line":450,"column":0},"end":{"line":450,"column":48}},"450":{"start":{"line":451,"column":0},"end":{"line":451,"column":30}},"451":{"start":{"line":452,"column":0},"end":{"line":452,"column":23}},"452":{"start":{"line":453,"column":0},"end":{"line":453,"column":57}},"453":{"start":{"line":454,"column":0},"end":{"line":454,"column":45}},"454":{"start":{"line":455,"column":0},"end":{"line":455,"column":9}},"455":{"start":{"line":456,"column":0},"end":{"line":456,"column":24}},"456":{"start":{"line":457,"column":0},"end":{"line":457,"column":58}},"457":{"start":{"line":458,"column":0},"end":{"line":458,"column":5}},"458":{"start":{"line":459,"column":0},"end":{"line":459,"column":5}},"460":{"start":{"line":461,"column":0},"end":{"line":461,"column":16}},"461":{"start":{"line":462,"column":0},"end":{"line":462,"column":1}}},"s":{"0":1,"21":1,"22":10,"23":10,"24":10,"25":10,"26":10,"27":10,"28":10,"29":10,"30":10,"31":10,"32":10,"34":10,"35":1,"36":1,"37":1,"38":1,"39":1,"40":1,"41":1,"42":1,"43":1,"44":1,"45":1,"46":1,"47":10,"49":10,"50":1,"51":10,"56":10,"57":5,"60":5,"61":1,"62":1,"64":4,"65":5,"66":1,"67":1,"68":1,"69":1,"71":5,"72":1,"73":1,"76":5,"77":0,"78":0,"79":0,"80":0,"81":0,"82":0,"83":0,"85":0,"86":0,"87":0,"88":0,"89":0,"90":0,"91":0,"92":0,"93":0,"94":0,"95":0,"96":0,"97":5,"99":1,"100":1,"101":1,"102":1,"103":0,"104":0,"105":0,"106":0,"107":0,"108":0,"109":0,"110":0,"111":1,"113":1,"114":1,"115":1,"116":1,"117":1,"118":1,"119":1,"120":1,"121":1,"123":1,"124":1,"125":1,"127":1,"128":1,"129":1,"130":1,"131":1,"132":1,"133":1,"134":1,"135":1,"136":1,"137":1,"138":10,"143":10,"144":0,"145":0,"146":0,"147":10,"149":10,"150":1,"151":1,"152":0,"153":0,"154":1,"155":1,"156":1,"157":1,"158":1,"159":1,"160":1,"161":10,"163":10,"164":1,"165":1,"166":0,"167":0,"168":0,"169":0,"170":0,"171":0,"172":0,"173":0,"174":1,"175":1,"176":1,"177":10,"179":10,"180":1,"181":1,"182":1,"183":10,"185":10,"186":1,"187":1,"188":1,"189":10,"191":10,"192":0,"193":0,"194":0,"195":0,"196":10,"201":10,"202":1,"203":1,"204":1,"206":1,"207":1,"208":1,"209":1,"210":1,"211":1,"212":1,"213":1,"214":1,"215":1,"216":1,"217":10,"219":10,"220":7,"222":7,"223":2,"224":2,"225":2,"226":2,"228":5,"229":1,"230":1,"231":1,"232":1,"233":1,"234":1,"236":4,"237":4,"238":4,"240":4,"241":4,"242":4,"243":4,"244":4,"245":4,"246":4,"247":4,"248":4,"249":10,"251":10,"252":1,"253":1,"254":1,"255":1,"256":1,"257":1,"258":10,"260":10,"261":0,"262":0,"263":0,"264":0,"265":0,"266":0,"267":0,"268":10,"270":10,"271":0,"272":10,"277":10,"278":0,"279":0,"280":0,"281":0,"282":0,"283":0,"284":0,"285":0,"286":0,"287":0,"288":0,"289":0,"290":0,"291":10,"293":10,"294":0,"295":0,"296":0,"297":0,"298":10,"303":10,"304":0,"305":0,"306":0,"307":0,"308":10,"315":10,"316":0,"317":0,"318":0,"319":0,"320":0,"321":0,"322":0,"323":0,"324":0,"325":10,"330":10,"331":0,"332":0,"333":0,"334":0,"335":10,"341":10,"342":0,"343":0,"344":0,"346":0,"347":0,"348":0,"349":0,"352":0,"353":0,"355":0,"356":0,"357":0,"358":0,"359":0,"360":0,"361":0,"362":0,"363":0,"364":0,"365":0,"366":0,"367":0,"368":0,"369":0,"370":0,"373":0,"376":0,"378":0,"379":0,"380":0,"381":0,"382":0,"383":0,"384":0,"385":0,"386":0,"387":0,"388":0,"389":0,"390":0,"391":0,"392":0,"393":0,"394":0,"395":0,"396":0,"397":10,"402":10,"403":0,"404":0,"405":0,"406":0,"407":10,"413":10,"414":0,"415":0,"416":0,"418":0,"419":0,"420":0,"421":0,"422":0,"423":0,"424":0,"426":0,"427":0,"428":0,"429":0,"430":0,"431":0,"432":0,"434":0,"436":0,"437":0,"438":0,"439":0,"440":0,"441":10,"443":10,"444":0,"445":0,"446":0,"448":0,"449":0,"450":0,"451":0,"452":0,"453":0,"454":0,"455":0,"456":0,"457":0,"458":10,"460":10,"461":10},"branchMap":{"0":{"type":"branch","line":22,"loc":{"start":{"line":22,"column":7},"end":{"line":462,"column":1}},"locations":[{"start":{"line":22,"column":7},"end":{"line":462,"column":1}}]},"1":{"type":"branch","line":35,"loc":{"start":{"line":35,"column":24},"end":{"line":48,"column":3}},"locations":[{"start":{"line":35,"column":24},"end":{"line":48,"column":3}}]},"2":{"type":"branch","line":50,"loc":{"start":{"line":50,"column":25},"end":{"line":52,"column":3}},"locations":[{"start":{"line":50,"column":25},"end":{"line":52,"column":3}}]},"3":{"type":"branch","line":57,"loc":{"start":{"line":57,"column":25},"end":{"line":139,"column":3}},"locations":[{"start":{"line":57,"column":25},"end":{"line":139,"column":3}}]},"4":{"type":"branch","line":58,"loc":{"start":{"line":58,"column":49},"end":{"line":58,"column":60}},"locations":[{"start":{"line":58,"column":49},"end":{"line":58,"column":60}}]},"5":{"type":"branch","line":61,"loc":{"start":{"line":61,"column":9},"end":{"line":61,"column":39}},"locations":[{"start":{"line":61,"column":9},"end":{"line":61,"column":39}}]},"6":{"type":"branch","line":61,"loc":{"start":{"line":61,"column":39},"end":{"line":63,"column":5}},"locations":[{"start":{"line":61,"column":39},"end":{"line":63,"column":5}}]},"7":{"type":"branch","line":63,"loc":{"start":{"line":63,"column":4},"end":{"line":66,"column":45}},"locations":[{"start":{"line":63,"column":4},"end":{"line":66,"column":45}}]},"8":{"type":"branch","line":66,"loc":{"start":{"line":66,"column":45},"end":{"line":70,"column":5}},"locations":[{"start":{"line":66,"column":45},"end":{"line":70,"column":5}}]},"9":{"type":"branch","line":70,"loc":{"start":{"line":70,"column":4},"end":{"line":72,"column":22}},"locations":[{"start":{"line":70,"column":4},"end":{"line":72,"column":22}}]},"10":{"type":"branch","line":72,"loc":{"start":{"line":72,"column":9},"end":{"line":72,"column":53}},"locations":[{"start":{"line":72,"column":9},"end":{"line":72,"column":53}}]},"11":{"type":"branch","line":72,"loc":{"start":{"line":72,"column":53},"end":{"line":77,"column":25}},"locations":[{"start":{"line":72,"column":53},"end":{"line":77,"column":25}}]},"12":{"type":"branch","line":72,"loc":{"start":{"line":72,"column":53},"end":{"line":74,"column":5}},"locations":[{"start":{"line":72,"column":53},"end":{"line":74,"column":5}}]},"13":{"type":"branch","line":77,"loc":{"start":{"line":77,"column":8},"end":{"line":77,"column":44}},"locations":[{"start":{"line":77,"column":8},"end":{"line":77,"column":44}}]},"14":{"type":"branch","line":77,"loc":{"start":{"line":77,"column":44},"end":{"line":98,"column":15}},"locations":[{"start":{"line":77,"column":44},"end":{"line":98,"column":15}}]},"15":{"type":"branch","line":98,"loc":{"start":{"line":98,"column":4},"end":{"line":138,"column":5}},"locations":[{"start":{"line":98,"column":4},"end":{"line":138,"column":5}}]},"16":{"type":"branch","line":98,"loc":{"start":{"line":98,"column":31},"end":{"line":138,"column":5}},"locations":[{"start":{"line":98,"column":31},"end":{"line":138,"column":5}}]},"17":{"type":"branch","line":103,"loc":{"start":{"line":103,"column":31},"end":{"line":111,"column":9}},"locations":[{"start":{"line":103,"column":31},"end":{"line":111,"column":9}}]},"18":{"type":"branch","line":118,"loc":{"start":{"line":118,"column":17},"end":{"line":118,"column":31}},"locations":[{"start":{"line":118,"column":17},"end":{"line":118,"column":31}}]},"19":{"type":"branch","line":150,"loc":{"start":{"line":150,"column":33},"end":{"line":162,"column":3}},"locations":[{"start":{"line":150,"column":33},"end":{"line":162,"column":3}}]},"20":{"type":"branch","line":151,"loc":{"start":{"line":151,"column":34},"end":{"line":151,"column":64}},"locations":[{"start":{"line":151,"column":34},"end":{"line":151,"column":64}}]},"21":{"type":"branch","line":152,"loc":{"start":{"line":152,"column":61},"end":{"line":154,"column":5}},"locations":[{"start":{"line":152,"column":61},"end":{"line":154,"column":5}}]},"22":{"type":"branch","line":164,"loc":{"start":{"line":164,"column":34},"end":{"line":178,"column":3}},"locations":[{"start":{"line":164,"column":34},"end":{"line":178,"column":3}}]},"23":{"type":"branch","line":166,"loc":{"start":{"line":166,"column":8},"end":{"line":166,"column":44}},"locations":[{"start":{"line":166,"column":8},"end":{"line":166,"column":44}}]},"24":{"type":"branch","line":166,"loc":{"start":{"line":166,"column":39},"end":{"line":166,"column":63}},"locations":[{"start":{"line":166,"column":39},"end":{"line":166,"column":63}}]},"25":{"type":"branch","line":166,"loc":{"start":{"line":166,"column":63},"end":{"line":174,"column":5}},"locations":[{"start":{"line":166,"column":63},"end":{"line":174,"column":5}}]},"26":{"type":"branch","line":180,"loc":{"start":{"line":180,"column":35},"end":{"line":184,"column":3}},"locations":[{"start":{"line":180,"column":35},"end":{"line":184,"column":3}}]},"27":{"type":"branch","line":186,"loc":{"start":{"line":186,"column":33},"end":{"line":190,"column":3}},"locations":[{"start":{"line":186,"column":33},"end":{"line":190,"column":3}}]},"28":{"type":"branch","line":202,"loc":{"start":{"line":202,"column":36},"end":{"line":218,"column":3}},"locations":[{"start":{"line":202,"column":36},"end":{"line":218,"column":3}}]},"29":{"type":"branch","line":220,"loc":{"start":{"line":220,"column":37},"end":{"line":250,"column":3}},"locations":[{"start":{"line":220,"column":37},"end":{"line":250,"column":3}}]},"30":{"type":"branch","line":221,"loc":{"start":{"line":221,"column":29},"end":{"line":221,"column":40}},"locations":[{"start":{"line":221,"column":29},"end":{"line":221,"column":40}}]},"31":{"type":"branch","line":223,"loc":{"start":{"line":223,"column":57},"end":{"line":227,"column":5}},"locations":[{"start":{"line":223,"column":57},"end":{"line":227,"column":5}}]},"32":{"type":"branch","line":227,"loc":{"start":{"line":227,"column":4},"end":{"line":249,"column":7}},"locations":[{"start":{"line":227,"column":4},"end":{"line":249,"column":7}}]},"33":{"type":"branch","line":229,"loc":{"start":{"line":229,"column":31},"end":{"line":235,"column":5}},"locations":[{"start":{"line":229,"column":31},"end":{"line":235,"column":5}}]},"34":{"type":"branch","line":235,"loc":{"start":{"line":235,"column":4},"end":{"line":249,"column":7}},"locations":[{"start":{"line":235,"column":4},"end":{"line":249,"column":7}}]},"35":{"type":"branch","line":252,"loc":{"start":{"line":252,"column":43},"end":{"line":259,"column":3}},"locations":[{"start":{"line":252,"column":43},"end":{"line":259,"column":3}}]}},"b":{"0":[10],"1":[1],"2":[1],"3":[5],"4":[0],"5":[4],"6":[1],"7":[4],"8":[1],"9":[3],"10":[2],"11":[2],"12":[1],"13":[0],"14":[0],"15":[2],"16":[1],"17":[0],"18":[0],"19":[1],"20":[0],"21":[0],"22":[1],"23":[0],"24":[0],"25":[0],"26":[1],"27":[1],"28":[1],"29":[7],"30":[0],"31":[2],"32":[5],"33":[1],"34":[4],"35":[1]},"fnMap":{"0":{"name":"createApiRouter","decl":{"start":{"line":22,"column":7},"end":{"line":462,"column":1}},"loc":{"start":{"line":22,"column":7},"end":{"line":462,"column":1}},"line":22}},"f":{"0":10}}
,"D:\\VCET\\VH26-NullPointer\\backend\\src\\backpressure\\backpressureController.ts": {"path":"D:\\VCET\\VH26-NullPointer\\backend\\src\\backpressure\\backpressureController.ts","all":false,"statementMap":{"4":{"start":{"line":5,"column":0},"end":{"line":5,"column":37}},"5":{"start":{"line":6,"column":0},"end":{"line":6,"column":33}},"6":{"start":{"line":7,"column":0},"end":{"line":7,"column":37}},"7":{"start":{"line":8,"column":0},"end":{"line":8,"column":50}},"8":{"start":{"line":9,"column":0},"end":{"line":9,"column":39}},"10":{"start":{"line":11,"column":0},"end":{"line":11,"column":67}},"11":{"start":{"line":12,"column":0},"end":{"line":12,"column":25}},"12":{"start":{"line":13,"column":0},"end":{"line":13,"column":37}},"13":{"start":{"line":14,"column":0},"end":{"line":14,"column":3}},"15":{"start":{"line":16,"column":0},"end":{"line":16,"column":61}},"16":{"start":{"line":17,"column":0},"end":{"line":17,"column":31}},"17":{"start":{"line":18,"column":0},"end":{"line":18,"column":3}},"19":{"start":{"line":20,"column":0},"end":{"line":20,"column":35}},"20":{"start":{"line":21,"column":0},"end":{"line":21,"column":75}},"24":{"start":{"line":25,"column":0},"end":{"line":25,"column":74}},"25":{"start":{"line":26,"column":0},"end":{"line":26,"column":39}},"26":{"start":{"line":27,"column":0},"end":{"line":27,"column":41}},"27":{"start":{"line":28,"column":0},"end":{"line":28,"column":29}},"28":{"start":{"line":29,"column":0},"end":{"line":29,"column":52}},"29":{"start":{"line":30,"column":0},"end":{"line":30,"column":9}},"30":{"start":{"line":31,"column":0},"end":{"line":31,"column":7}},"31":{"start":{"line":32,"column":0},"end":{"line":32,"column":86}},"33":{"start":{"line":34,"column":0},"end":{"line":34,"column":38}},"34":{"start":{"line":35,"column":0},"end":{"line":35,"column":42}},"35":{"start":{"line":36,"column":0},"end":{"line":36,"column":29}},"36":{"start":{"line":37,"column":0},"end":{"line":37,"column":53}},"37":{"start":{"line":38,"column":0},"end":{"line":38,"column":9}},"38":{"start":{"line":39,"column":0},"end":{"line":39,"column":7}},"39":{"start":{"line":40,"column":0},"end":{"line":40,"column":5}},"41":{"start":{"line":42,"column":0},"end":{"line":42,"column":37}},"42":{"start":{"line":43,"column":0},"end":{"line":43,"column":3}},"44":{"start":{"line":45,"column":0},"end":{"line":45,"column":30}},"45":{"start":{"line":46,"column":0},"end":{"line":46,"column":37}},"46":{"start":{"line":47,"column":0},"end":{"line":47,"column":3}},"47":{"start":{"line":48,"column":0},"end":{"line":48,"column":1}}},"s":{"4":1,"5":1,"6":79,"7":79,"8":79,"10":1,"11":79,"12":79,"13":79,"15":1,"16":4,"17":4,"19":1,"20":95,"24":95,"25":0,"26":0,"27":0,"28":0,"29":0,"30":0,"31":95,"33":95,"34":0,"35":0,"36":0,"37":0,"38":0,"39":95,"41":95,"42":95,"44":1,"45":95,"46":95,"47":1},"branchMap":{"0":{"type":"branch","line":6,"loc":{"start":{"line":6,"column":10},"end":{"line":9,"column":39}},"locations":[{"start":{"line":6,"column":10},"end":{"line":9,"column":39}}]},"1":{"type":"branch","line":11,"loc":{"start":{"line":11,"column":2},"end":{"line":14,"column":3}},"locations":[{"start":{"line":11,"column":2},"end":{"line":14,"column":3}}]},"2":{"type":"branch","line":16,"loc":{"start":{"line":16,"column":9},"end":{"line":18,"column":3}},"locations":[{"start":{"line":16,"column":9},"end":{"line":18,"column":3}}]},"3":{"type":"branch","line":20,"loc":{"start":{"line":20,"column":9},"end":{"line":43,"column":3}},"locations":[{"start":{"line":20,"column":9},"end":{"line":43,"column":3}}]},"4":{"type":"branch","line":25,"loc":{"start":{"line":25,"column":73},"end":{"line":32,"column":15}},"locations":[{"start":{"line":25,"column":73},"end":{"line":32,"column":15}}]},"5":{"type":"branch","line":34,"loc":{"start":{"line":34,"column":37},"end":{"line":39,"column":7}},"locations":[{"start":{"line":34,"column":37},"end":{"line":39,"column":7}}]},"6":{"type":"branch","line":45,"loc":{"start":{"line":45,"column":9},"end":{"line":47,"column":3}},"locations":[{"start":{"line":45,"column":9},"end":{"line":47,"column":3}}]}},"b":{"0":[79],"1":[79],"2":[4],"3":[95],"4":[0],"5":[0],"6":[95]},"fnMap":{"0":{"name":"<instance_members_initializer>","decl":{"start":{"line":6,"column":10},"end":{"line":9,"column":39}},"loc":{"start":{"line":6,"column":10},"end":{"line":9,"column":39}},"line":6},"1":{"name":"BackpressureController","decl":{"start":{"line":11,"column":2},"end":{"line":14,"column":3}},"loc":{"start":{"line":11,"column":2},"end":{"line":14,"column":3}},"line":11},"2":{"name":"registerSimulator","decl":{"start":{"line":16,"column":9},"end":{"line":18,"column":3}},"loc":{"start":{"line":16,"column":9},"end":{"line":18,"column":3}},"line":16},"3":{"name":"checkAndApply","decl":{"start":{"line":20,"column":9},"end":{"line":43,"column":3}},"loc":{"start":{"line":20,"column":9},"end":{"line":43,"column":3}},"line":20},"4":{"name":"isActive","decl":{"start":{"line":45,"column":9},"end":{"line":47,"column":3}},"loc":{"start":{"line":45,"column":9},"end":{"line":47,"column":3}},"line":45}},"f":{"0":79,"1":79,"2":4,"3":95,"4":95}}
,"D:\\VCET\\VH26-NullPointer\\backend\\src\\backpressure\\sheddingPolicy.ts": {"path":"D:\\VCET\\VH26-NullPointer\\backend\\src\\backpressure\\sheddingPolicy.ts","all":false,"statementMap":{"10":{"start":{"line":11,"column":0},"end":{"line":11,"column":29}},"11":{"start":{"line":12,"column":0},"end":{"line":12,"column":37}},"12":{"start":{"line":13,"column":0},"end":{"line":13,"column":46}},"13":{"start":{"line":14,"column":0},"end":{"line":14,"column":39}},"14":{"start":{"line":15,"column":0},"end":{"line":15,"column":28}},"15":{"start":{"line":16,"column":0},"end":{"line":16,"column":28}},"16":{"start":{"line":17,"column":0},"end":{"line":17,"column":26}},"17":{"start":{"line":18,"column":0},"end":{"line":18,"column":57}},"18":{"start":{"line":19,"column":0},"end":{"line":19,"column":51}},"19":{"start":{"line":20,"column":0},"end":{"line":20,"column":29}},"20":{"start":{"line":21,"column":0},"end":{"line":21,"column":35}},"22":{"start":{"line":23,"column":0},"end":{"line":23,"column":43}},"23":{"start":{"line":24,"column":0},"end":{"line":24,"column":37}},"24":{"start":{"line":25,"column":0},"end":{"line":25,"column":3}},"30":{"start":{"line":31,"column":0},"end":{"line":31,"column":85}},"31":{"start":{"line":32,"column":0},"end":{"line":32,"column":35}},"32":{"start":{"line":33,"column":0},"end":{"line":33,"column":35}},"33":{"start":{"line":34,"column":0},"end":{"line":34,"column":42}},"34":{"start":{"line":35,"column":0},"end":{"line":35,"column":55}},"35":{"start":{"line":36,"column":0},"end":{"line":36,"column":45}},"36":{"start":{"line":37,"column":0},"end":{"line":37,"column":51}},"37":{"start":{"line":38,"column":0},"end":{"line":38,"column":7}},"38":{"start":{"line":39,"column":0},"end":{"line":39,"column":18}},"39":{"start":{"line":40,"column":0},"end":{"line":40,"column":5}},"41":{"start":{"line":42,"column":0},"end":{"line":42,"column":26}},"42":{"start":{"line":43,"column":0},"end":{"line":43,"column":30}},"43":{"start":{"line":44,"column":0},"end":{"line":44,"column":28}},"45":{"start":{"line":46,"column":0},"end":{"line":46,"column":33}},"46":{"start":{"line":47,"column":0},"end":{"line":47,"column":19}},"47":{"start":{"line":48,"column":0},"end":{"line":48,"column":24}},"48":{"start":{"line":49,"column":0},"end":{"line":49,"column":23}},"49":{"start":{"line":50,"column":0},"end":{"line":50,"column":31}},"50":{"start":{"line":51,"column":0},"end":{"line":51,"column":13}},"51":{"start":{"line":52,"column":0},"end":{"line":52,"column":28}},"52":{"start":{"line":53,"column":0},"end":{"line":53,"column":6}},"54":{"start":{"line":55,"column":0},"end":{"line":55,"column":26}},"55":{"start":{"line":56,"column":0},"end":{"line":56,"column":33}},"56":{"start":{"line":57,"column":0},"end":{"line":57,"column":28}},"57":{"start":{"line":58,"column":0},"end":{"line":58,"column":38}},"58":{"start":{"line":59,"column":0},"end":{"line":59,"column":26}},"59":{"start":{"line":60,"column":0},"end":{"line":60,"column":5}},"61":{"start":{"line":62,"column":0},"end":{"line":62,"column":31}},"62":{"start":{"line":63,"column":0},"end":{"line":63,"column":33}},"64":{"start":{"line":65,"column":0},"end":{"line":65,"column":39}},"65":{"start":{"line":66,"column":0},"end":{"line":66,"column":58}},"66":{"start":{"line":67,"column":0},"end":{"line":67,"column":32}},"67":{"start":{"line":68,"column":0},"end":{"line":68,"column":5}},"69":{"start":{"line":70,"column":0},"end":{"line":70,"column":17}},"70":{"start":{"line":71,"column":0},"end":{"line":71,"column":3}},"76":{"start":{"line":77,"column":0},"end":{"line":77,"column":79}},"77":{"start":{"line":78,"column":0},"end":{"line":78,"column":22}},"78":{"start":{"line":79,"column":0},"end":{"line":79,"column":29}},"79":{"start":{"line":80,"column":0},"end":{"line":80,"column":39}},"81":{"start":{"line":82,"column":0},"end":{"line":82,"column":43}},"82":{"start":{"line":83,"column":0},"end":{"line":83,"column":49}},"83":{"start":{"line":84,"column":0},"end":{"line":84,"column":14}},"84":{"start":{"line":85,"column":0},"end":{"line":85,"column":7}},"86":{"start":{"line":87,"column":0},"end":{"line":87,"column":61}},"87":{"start":{"line":88,"column":0},"end":{"line":88,"column":28}},"89":{"start":{"line":90,"column":0},"end":{"line":90,"column":60}},"90":{"start":{"line":91,"column":0},"end":{"line":91,"column":18}},"91":{"start":{"line":92,"column":0},"end":{"line":92,"column":20}},"92":{"start":{"line":93,"column":0},"end":{"line":93,"column":28}},"93":{"start":{"line":94,"column":0},"end":{"line":94,"column":14}},"94":{"start":{"line":95,"column":0},"end":{"line":95,"column":27}},"95":{"start":{"line":96,"column":0},"end":{"line":96,"column":7}},"96":{"start":{"line":97,"column":0},"end":{"line":97,"column":5}},"98":{"start":{"line":99,"column":0},"end":{"line":99,"column":52}},"99":{"start":{"line":100,"column":0},"end":{"line":100,"column":3}},"101":{"start":{"line":102,"column":0},"end":{"line":102,"column":42}},"102":{"start":{"line":103,"column":0},"end":{"line":103,"column":36}},"103":{"start":{"line":104,"column":0},"end":{"line":104,"column":3}},"105":{"start":{"line":106,"column":0},"end":{"line":106,"column":24}},"106":{"start":{"line":107,"column":0},"end":{"line":107,"column":29}},"107":{"start":{"line":108,"column":0},"end":{"line":108,"column":28}},"108":{"start":{"line":109,"column":0},"end":{"line":109,"column":28}},"109":{"start":{"line":110,"column":0},"end":{"line":110,"column":26}},"110":{"start":{"line":111,"column":0},"end":{"line":111,"column":31}},"111":{"start":{"line":112,"column":0},"end":{"line":112,"column":30}},"112":{"start":{"line":113,"column":0},"end":{"line":113,"column":29}},"113":{"start":{"line":114,"column":0},"end":{"line":114,"column":35}},"114":{"start":{"line":115,"column":0},"end":{"line":115,"column":3}},"115":{"start":{"line":116,"column":0},"end":{"line":116,"column":1}}},"s":{"10":1,"11":1,"12":81,"13":81,"14":81,"15":81,"16":81,"17":81,"18":81,"19":81,"20":81,"22":1,"23":81,"24":81,"30":1,"31":174,"32":1,"33":1,"34":1,"35":1,"36":0,"37":0,"38":1,"39":1,"41":173,"42":173,"43":173,"45":173,"46":173,"47":173,"48":173,"49":173,"50":173,"51":173,"52":173,"54":173,"55":173,"56":157,"57":174,"58":16,"59":16,"61":173,"62":173,"64":173,"65":174,"66":0,"67":0,"69":173,"70":174,"76":1,"77":9,"78":9,"79":9,"81":9,"82":134,"83":0,"84":0,"86":134,"87":134,"89":134,"90":134,"91":133,"92":133,"93":134,"94":1,"95":1,"96":134,"98":9,"99":9,"101":1,"102":95,"103":95,"105":1,"106":2,"107":2,"108":2,"109":2,"110":2,"111":2,"112":2,"113":2,"114":2,"115":1},"branchMap":{"0":{"type":"branch","line":12,"loc":{"start":{"line":12,"column":10},"end":{"line":21,"column":35}},"locations":[{"start":{"line":12,"column":10},"end":{"line":21,"column":35}}]},"1":{"type":"branch","line":23,"loc":{"start":{"line":23,"column":2},"end":{"line":25,"column":3}},"locations":[{"start":{"line":23,"column":2},"end":{"line":25,"column":3}}]},"2":{"type":"branch","line":31,"loc":{"start":{"line":31,"column":9},"end":{"line":71,"column":3}},"locations":[{"start":{"line":31,"column":9},"end":{"line":71,"column":3}}]},"3":{"type":"branch","line":32,"loc":{"start":{"line":32,"column":34},"end":{"line":40,"column":5}},"locations":[{"start":{"line":32,"column":34},"end":{"line":40,"column":5}}]},"4":{"type":"branch","line":36,"loc":{"start":{"line":36,"column":6},"end":{"line":38,"column":7}},"locations":[{"start":{"line":36,"column":6},"end":{"line":38,"column":7}}]},"5":{"type":"branch","line":40,"loc":{"start":{"line":40,"column":4},"end":{"line":58,"column":15}},"locations":[{"start":{"line":40,"column":4},"end":{"line":58,"column":15}}]},"6":{"type":"branch","line":56,"loc":{"start":{"line":56,"column":32},"end":{"line":58,"column":15}},"locations":[{"start":{"line":56,"column":32},"end":{"line":58,"column":15}}]},"7":{"type":"branch","line":58,"loc":{"start":{"line":58,"column":4},"end":{"line":60,"column":5}},"locations":[{"start":{"line":58,"column":4},"end":{"line":60,"column":5}}]},"8":{"type":"branch","line":60,"loc":{"start":{"line":60,"column":4},"end":{"line":66,"column":57}},"locations":[{"start":{"line":60,"column":4},"end":{"line":66,"column":57}}]},"9":{"type":"branch","line":66,"loc":{"start":{"line":66,"column":57},"end":{"line":68,"column":5}},"locations":[{"start":{"line":66,"column":57},"end":{"line":68,"column":5}}]},"10":{"type":"branch","line":68,"loc":{"start":{"line":68,"column":4},"end":{"line":70,"column":17}},"locations":[{"start":{"line":68,"column":4},"end":{"line":70,"column":17}}]},"11":{"type":"branch","line":77,"loc":{"start":{"line":77,"column":9},"end":{"line":100,"column":3}},"locations":[{"start":{"line":77,"column":9},"end":{"line":100,"column":3}}]},"12":{"type":"branch","line":82,"loc":{"start":{"line":82,"column":42},"end":{"line":97,"column":5}},"locations":[{"start":{"line":82,"column":42},"end":{"line":97,"column":5}}]},"13":{"type":"branch","line":83,"loc":{"start":{"line":83,"column":48},"end":{"line":85,"column":7}},"locations":[{"start":{"line":83,"column":48},"end":{"line":85,"column":7}}]},"14":{"type":"branch","line":88,"loc":{"start":{"line":88,"column":22},"end":{"line":88,"column":28}},"locations":[{"start":{"line":88,"column":22},"end":{"line":88,"column":28}}]},"15":{"type":"branch","line":91,"loc":{"start":{"line":91,"column":17},"end":{"line":94,"column":13}},"locations":[{"start":{"line":91,"column":17},"end":{"line":94,"column":13}}]},"16":{"type":"branch","line":94,"loc":{"start":{"line":94,"column":6},"end":{"line":96,"column":7}},"locations":[{"start":{"line":94,"column":6},"end":{"line":96,"column":7}}]},"17":{"type":"branch","line":102,"loc":{"start":{"line":102,"column":9},"end":{"line":104,"column":3}},"locations":[{"start":{"line":102,"column":9},"end":{"line":104,"column":3}}]},"18":{"type":"branch","line":106,"loc":{"start":{"line":106,"column":9},"end":{"line":115,"column":3}},"locations":[{"start":{"line":106,"column":9},"end":{"line":115,"column":3}}]}},"b":{"0":[81],"1":[81],"2":[174],"3":[1],"4":[0],"5":[173],"6":[157],"7":[16],"8":[173],"9":[0],"10":[173],"11":[9],"12":[134],"13":[0],"14":[0],"15":[133],"16":[1],"17":[95],"18":[2]},"fnMap":{"0":{"name":"<instance_members_initializer>","decl":{"start":{"line":12,"column":10},"end":{"line":21,"column":35}},"loc":{"start":{"line":12,"column":10},"end":{"line":21,"column":35}},"line":12},"1":{"name":"SheddingPolicy","decl":{"start":{"line":23,"column":2},"end":{"line":25,"column":3}},"loc":{"start":{"line":23,"column":2},"end":{"line":25,"column":3}},"line":23},"2":{"name":"shedSingleEvent","decl":{"start":{"line":31,"column":9},"end":{"line":71,"column":3}},"loc":{"start":{"line":31,"column":9},"end":{"line":71,"column":3}},"line":31},"3":{"name":"executeShedding","decl":{"start":{"line":77,"column":9},"end":{"line":100,"column":3}},"loc":{"start":{"line":77,"column":9},"end":{"line":100,"column":3}},"line":77},"4":{"name":"getRecentLogs","decl":{"start":{"line":102,"column":9},"end":{"line":104,"column":3}},"loc":{"start":{"line":102,"column":9},"end":{"line":104,"column":3}},"line":102},"5":{"name":"clear","decl":{"start":{"line":106,"column":9},"end":{"line":115,"column":3}},"loc":{"start":{"line":106,"column":9},"end":{"line":115,"column":3}},"line":106}},"f":{"0":81,"1":81,"2":174,"3":9,"4":95,"5":2}}
,"D:\\VCET\\VH26-NullPointer\\backend\\src\\benchmark\\naiveBaseline.ts": {"path":"D:\\VCET\\VH26-NullPointer\\backend\\src\\benchmark\\naiveBaseline.ts","all":false,"statementMap":{"0":{"start":{"line":1,"column":0},"end":{"line":1,"column":80}},"29":{"start":{"line":30,"column":0},"end":{"line":30,"column":45}},"30":{"start":{"line":31,"column":0},"end":{"line":31,"column":20}},"31":{"start":{"line":32,"column":0},"end":{"line":32,"column":61}},"32":{"start":{"line":33,"column":0},"end":{"line":33,"column":56}},"33":{"start":{"line":34,"column":0},"end":{"line":34,"column":33}},"35":{"start":{"line":36,"column":0},"end":{"line":36,"column":115}},"37":{"start":{"line":38,"column":0},"end":{"line":38,"column":40}},"38":{"start":{"line":39,"column":0},"end":{"line":39,"column":54}},"40":{"start":{"line":41,"column":0},"end":{"line":41,"column":17}},"41":{"start":{"line":42,"column":0},"end":{"line":42,"column":20}},"42":{"start":{"line":43,"column":0},"end":{"line":43,"column":11}},"43":{"start":{"line":44,"column":0},"end":{"line":44,"column":36}},"44":{"start":{"line":45,"column":0},"end":{"line":45,"column":81}},"45":{"start":{"line":46,"column":0},"end":{"line":46,"column":7}},"46":{"start":{"line":47,"column":0},"end":{"line":47,"column":3}},"53":{"start":{"line":54,"column":0},"end":{"line":54,"column":28}},"54":{"start":{"line":55,"column":0},"end":{"line":55,"column":90}},"55":{"start":{"line":56,"column":0},"end":{"line":56,"column":46}},"56":{"start":{"line":57,"column":0},"end":{"line":57,"column":49}},"57":{"start":{"line":58,"column":0},"end":{"line":58,"column":24}},"58":{"start":{"line":59,"column":0},"end":{"line":59,"column":28}},"59":{"start":{"line":60,"column":0},"end":{"line":60,"column":30}},"61":{"start":{"line":62,"column":0},"end":{"line":62,"column":28}},"64":{"start":{"line":65,"column":0},"end":{"line":65,"column":76}},"65":{"start":{"line":66,"column":0},"end":{"line":66,"column":39}},"66":{"start":{"line":67,"column":0},"end":{"line":67,"column":72}},"67":{"start":{"line":68,"column":0},"end":{"line":68,"column":62}},"68":{"start":{"line":69,"column":0},"end":{"line":69,"column":61}},"69":{"start":{"line":70,"column":0},"end":{"line":70,"column":41}},"70":{"start":{"line":71,"column":0},"end":{"line":71,"column":45}},"71":{"start":{"line":72,"column":0},"end":{"line":72,"column":14}},"72":{"start":{"line":73,"column":0},"end":{"line":73,"column":48}},"73":{"start":{"line":74,"column":0},"end":{"line":74,"column":7}},"74":{"start":{"line":75,"column":0},"end":{"line":75,"column":5}},"76":{"start":{"line":77,"column":0},"end":{"line":77,"column":45}},"78":{"start":{"line":79,"column":0},"end":{"line":79,"column":39}},"79":{"start":{"line":80,"column":0},"end":{"line":80,"column":28}},"80":{"start":{"line":81,"column":0},"end":{"line":81,"column":7}},"81":{"start":{"line":82,"column":0},"end":{"line":82,"column":15}},"82":{"start":{"line":83,"column":0},"end":{"line":83,"column":5}},"84":{"start":{"line":85,"column":0},"end":{"line":85,"column":24}},"85":{"start":{"line":86,"column":0},"end":{"line":86,"column":63}},"86":{"start":{"line":87,"column":0},"end":{"line":87,"column":3}},"89":{"start":{"line":90,"column":0},"end":{"line":90,"column":33}},"90":{"start":{"line":91,"column":0},"end":{"line":91,"column":37}},"91":{"start":{"line":92,"column":0},"end":{"line":92,"column":70}},"92":{"start":{"line":93,"column":0},"end":{"line":93,"column":40}},"93":{"start":{"line":94,"column":0},"end":{"line":94,"column":59}},"94":{"start":{"line":95,"column":0},"end":{"line":95,"column":39}},"95":{"start":{"line":96,"column":0},"end":{"line":96,"column":43}},"96":{"start":{"line":97,"column":0},"end":{"line":97,"column":12}},"97":{"start":{"line":98,"column":0},"end":{"line":98,"column":46}},"98":{"start":{"line":99,"column":0},"end":{"line":99,"column":5}},"99":{"start":{"line":100,"column":0},"end":{"line":100,"column":3}},"101":{"start":{"line":102,"column":0},"end":{"line":102,"column":76}},"102":{"start":{"line":103,"column":0},"end":{"line":103,"column":82}},"104":{"start":{"line":105,"column":0},"end":{"line":105,"column":41}},"105":{"start":{"line":106,"column":0},"end":{"line":106,"column":85}},"106":{"start":{"line":107,"column":0},"end":{"line":107,"column":53}},"107":{"start":{"line":108,"column":0},"end":{"line":108,"column":59}},"108":{"start":{"line":109,"column":0},"end":{"line":109,"column":35}},"109":{"start":{"line":110,"column":0},"end":{"line":110,"column":94}},"110":{"start":{"line":111,"column":0},"end":{"line":111,"column":6}},"111":{"start":{"line":112,"column":0},"end":{"line":112,"column":35}},"112":{"start":{"line":113,"column":0},"end":{"line":113,"column":69}},"113":{"start":{"line":114,"column":0},"end":
[...]
tart":{"line":154,"column":0},"end":{"line":154,"column":8}},"154":{"start":{"line":155,"column":0},"end":{"line":155,"column":36}},"155":{"start":{"line":156,"column":0},"end":{"line":156,"column":44}},"156":{"start":{"line":157,"column":0},"end":{"line":157,"column":62}},"157":{"start":{"line":158,"column":0},"end":{"line":158,"column":53}},"158":{"start":{"line":159,"column":0},"end":{"line":159,"column":7}},"160":{"start":{"line":161,"column":0},"end":{"line":161,"column":69}},"161":{"start":{"line":162,"column":0},"end":{"line":162,"column":249}},"163":{"start":{"line":164,"column":0},"end":{"line":164,"column":125}},"164":{"start":{"line":165,"column":0},"end":{"line":165,"column":33}},"165":{"start":{"line":166,"column":0},"end":{"line":166,"column":67}},"166":{"start":{"line":167,"column":0},"end":{"line":167,"column":13}},"167":{"start":{"line":168,"column":0},"end":{"line":168,"column":5}},"170":{"start":{"line":171,"column":0},"end":{"line":171,"column":8}},"171":{"start":{"line":172,"column":0},"end":{"line":172,"column":36}},"172":{"start":{"line":173,"column":0},"end":{"line":173,"column":46}},"173":{"start":{"line":174,"column":0},"end":{"line":174,"column":101}},"174":{"start":{"line":175,"column":0},"end":{"line":175,"column":57}},"175":{"start":{"line":176,"column":0},"end":{"line":176,"column":7}},"177":{"start":{"line":178,"column":0},"end":{"line":178,"column":69}},"178":{"start":{"line":179,"column":0},"end":{"line":179,"column":186}},"180":{"start":{"line":181,"column":0},"end":{"line":181,"column":127}},"181":{"start":{"line":182,"column":0},"end":{"line":182,"column":35}},"182":{"start":{"line":183,"column":0},"end":{"line":183,"column":69}},"183":{"start":{"line":184,"column":0},"end":{"line":184,"column":13}},"184":{"start":{"line":185,"column":0},"end":{"line":185,"column":5}},"185":{"start":{"line":186,"column":0},"end":{"line":186,"column":3}},"190":{"start":{"line":191,"column":0},"end":{"line":191,"column":29}},"191":{"start":{"line":192,"column":0},"end":{"line":192,"column":29}},"192":{"start":{"line":193,"column":0},"end":{"line":193,"column":28}},"193":{"start":{"line":194,"column":0},"end":{"line":194,"column":26}},"194":{"start":{"line":195,"column":0},"end":{"line":195,"column":19}},"195":{"start":{"line":196,"column":0},"end":{"line":196,"column":26}},"196":{"start":{"line":197,"column":0},"end":{"line":197,"column":20}},"197":{"start":{"line":198,"column":0},"end":{"line":198,"column":29}},"198":{"start":{"line":199,"column":0},"end":{"line":199,"column":20}},"200":{"start":{"line":201,"column":0},"end":{"line":201,"column":79}},"203":{"start":{"line":204,"column":0},"end":{"line":204,"column":50}},"205":{"start":{"line":206,"column":0},"end":{"line":206,"column":29}},"206":{"start":{"line":207,"column":0},"end":{"line":207,"column":26}},"207":{"start":{"line":208,"column":0},"end":{"line":208,"column":12}},"208":{"start":{"line":209,"column":0},"end":{"line":209,"column":28}},"209":{"start":{"line":210,"column":0},"end":{"line":210,"column":5}},"211":{"start":{"line":212,"column":0},"end":{"line":212,"column":27}},"212":{"start":{"line":213,"column":0},"end":{"line":213,"column":28}},"213":{"start":{"line":214,"column":0},"end":{"line":214,"column":95}},"215":{"start":{"line":216,"column":0},"end":{"line":216,"column":41}},"216":{"start":{"line":217,"column":0},"end":{"line":217,"column":61}},"217":{"start":{"line":218,"column":0},"end":{"line":218,"column":25}},"218":{"start":{"line":219,"column":0},"end":{"line":219,"column":23}},"219":{"start":{"line":220,"column":0},"end":{"line":220,"column":16}},"220":{"start":{"line":221,"column":0},"end":{"line":221,"column":22}},"221":{"start":{"line":222,"column":0},"end":{"line":222,"column":32}},"222":{"start":{"line":223,"column":0},"end":{"line":223,"column":13}},"223":{"start":{"line":224,"column":0},"end":{"line":224,"column":62}},"224":{"start":{"line":225,"column":0},"end":{"line":225,"column":14}},"225":{"start":{"line":226,"column":0},"end":{"line":226,"column":62}},"226":{"start":{"line":227,"column":0},"end":{"line":227,"column":6}},"228":{"start":{"line":229,"column":0},"end":{"line":229,"column":36}},"229":{"start":{"line":230,"column":0},"end":{"line":230,"column":36}},"231":{"start":{"line":232,"column":0},"end":{"line":232,"column":40}},"232":{"start":{"line":233,"column":0},"end":{"line":233,"column":55}},"233":{"start":{"line":234,"column":0},"end":{"line":234,"column":32}},"234":{"start":{"line":235,"column":0},"end":{"line":235,"column":5}},"237":{"start":{"line":238,"column":0},"end":{"line":238,"column":31}},"238":{"start":{"line":239,"column":0},"end":{"line":239,"column":29}},"239":{"start":{"line":240,"column":0},"end":{"line":240,"column":5}},"240":{"start":{"line":241,"column":0},"end":{"line":241,"column":3}},"242":{"start":{"line":243,"column":0},"end":{"line":243,"column":49}},"243":{"start":{"line":244,"column":0},"end":{"line":244,"column":66}},"244":{"start":{"line":245,"column":0},"end":{"line":245,"column":52}},"245":{"start":{"line":246,"column":0},"end":{"line":246,"column":52}},"246":{"start":{"line":247,"column":0},"end":{"line":247,"column":67}},"247":{"start":{"line":248,"column":0},"end":{"line":248,"column":78}},"248":{"start":{"line":249,"column":0},"end":{"line":249,"column":45}},"250":{"start":{"line":251,"column":0},"end":{"line":251,"column":12}},"251":{"start":{"line":252,"column":0},"end":{"line":252,"column":21}},"252":{"start":{"line":253,"column":0},"end":{"line":253,"column":17}},"253":{"start":{"line":254,"column":0},"end":{"line":254,"column":17}},"254":{"start":{"line":255,"column":0},"end":{"line":255,"column":24}},"255":{"start":{"line":256,"column":0},"end":{"line":256,"column":33}},"256":{"start":{"line":257,"column":0},"end":{"line":257,"column":14}},"257":{"start":{"line":258,"column":0},"end":{"line":258,"column":38}},"258":{"start":{"line":259,"column":0},"end":{"line":259,"column":42}},"259":{"start":{"line":260,"column":0},"end":{"line":260,"column":48}},"260":{"start":{"line":261,"column":0},"end":{"line":261,"column":48}},"261":{"start":{"line":262,"column":0},"end":{"line":262,"column":47}},"262":{"start":{"line":263,"column":0},"end":{"line":263,"column":51}},"263":{"start":{"line":264,"column":0},"end":{"line":264,"column":6}},"264":{"start":{"line":265,"column":0},"end":{"line":265,"column":3}},"266":{"start":{"line":267,"column":0},"end":{"line":267,"column":24}},"267":{"start":{"line":268,"column":0},"end":{"line":268,"column":26}},"268":{"start":{"line":269,"column":0},"end":{"line":269,"column":28}},"269":{"start":{"line":270,"column":0},"end":{"line":270,"column":34}},"270":{"start":{"line":271,"column":0},"end":{"line":271,"column":69}},"271":{"start":{"line":272,"column":0},"end":{"line":272,"column":29}},"272":{"start":{"line":273,"column":0},"end":{"line":273,"column":38}},"273":{"start":{"line":274,"column":0},"end":{"line":274,"column":40}},"274":{"start":{"line":275,"column":0},"end":{"line":275,"column":29}},"275":{"start":{"line":276,"column":0},"end":{"line":276,"column":31}},"276":{"start":{"line":277,"column":0},"end":{"line":277,"column":35}},"277":{"start":{"line":278,"column":0},"end":{"line":278,"column":3}},"278":{"start":{"line":279,"column":0},"end":{"line":279,"column":1}}},"s":{"6":1,"7":1,"8":40,"9":40,"10":40,"11":40,"13":40,"14":40,"17":40,"18":40,"21":40,"22":40,"25":40,"26":40,"27":40,"28":40,"31":40,"32":40,"35":40,"36":40,"37":40,"39":1,"40":40,"41":40,"42":40,"43":40,"44":40,"45":40,"46":40,"47":40,"48":40,"49":40,"50":40,"51":40,"53":1,"54":0,"55":0,"57":1,"58":0,"59":0,"60":0,"61":0,"64":0,"65":0,"66":0,"67":0,"69":1,"70":12,"71":12,"72":0,"73":0,"74":0,"75":12,"77":1,"78":233,"79":233,"80":233,"81":233,"83":233,"88":1,"89":235,"90":235,"91":235,"92":235,"93":235,"98":1,"99":36,"100":36,"101":36,"102":36,"105":36,"106":36,"107":36,"108":36,"109":36,"110":36,"113":36,"116":36,"117":36,"121":36,"122":36,"123":22,"125":36,"126":22,"127":12,"128":12,"129":36,"130":14,"131":14,"135":36,"136":36,"137":14,"138":12,"140":36,"141":12,"142":6,"143":6,"144":36,"145":24,"146":24,"148":36,"149":36,"150":36,"153":36,"154":36,"155":30,"156":18,"157":8,"158":36,"160":8,"161":8,"163":8,"164":8,"165":8,"166":8,"167":8,"170":28,"171":28,"172":17,"173":8,"174":4,"175":36,"177":4,"178":4,"180":4,"181":4,"182":4,"183":4,"184":4,"185":36,"190":1,"191":12,"192":12,"193":12,"194":12,"195":12,"196":12,"197":12,"198":12,"200":12,"203":12,"205":12,"206":8,"207":9,"208":4,"209":4,"211":12,"212":12,"213":12,"215":12,"216":12,"217":12,"218":12,"219":12,"220":12,"221":12,"222":12,"223":12,"224":12,"225":12,"226":12,"228":12,"229":12,"231":12,"232":12,"233":0,"234":0,"237":12,"238":0,"239":0,"240":12,"242":1,"243":197,"244":197,"245":197,"246":197,"247":197,"248":197,"250":197,"251":197,"252":197,"253":197,"254":197,"255":197,"256":197,"257":197,"258":197,"259":197,"260":197,"261":197,"262":197,"263":197,"264":197,"266":1,"267":1,"268":1,"269":1,"270":1,"271":1,"272":1,"273":1,"274":1,"275":1,"276":1,"277":1,"278":1},"branchMap":{"0":{"type":"branch","line":8,"loc":{"start":{"line":8,"column":10},"end":{"line":38,"column":36}},"locations":[{"start":{"line":8,"column":10},"end":{"line":38,"column":36}}]},"1":{"type":"branch","line":40,"loc":{"start":{"line":40,"column":2},"end":{"line":52,"column":3}},"locations":[{"start":{"line":40,"column":2},"end":{"line":52,"column":3}}]},"2":{"type":"branch","line":70,"loc":{"start":{"line":70,"column":9},"end":{"line":76,"column":3}},"locations":[{"start":{"line":70,"column":9},"end":{"line":76,"column":3}}]},"3":{"type":"branch","line":72,"loc":{"start":{"line":72,"column":33},"end":{"line":75,"column":5}},"locations":[{"start":{"line":72,"column":33},"end":{"line":75,"column":5}}]},"4":{"type":"branch","line":78,"loc":{"start":{"line":78,"column":9},"end":{"line":84,"column":3}},"locations":[{"start":{"line":78,"column":9},"end":{"line":84,"column":3}}]},"5":{"type":"branch","line":89,"loc":{"start":{"line":89,"column":9},"end":{"line":94,"column":3}},"locations":[{"start":{"line":89,"column":9},"end":{"line":94,"column":3}}]},"6":{"type":"branch","line":99,"loc":{"start":{"line":99,"column":2},"end":{"line":186,"column":3}},"locations":[{"start":{"line":99,"column":2},"end":{"line":186,"column":3}}]},"7":{"type":"branch","line":102,"loc":{"start":{"line":102,"column":35},"end":{"line":102,"column":52}},"locations":[{"start":{"line":102,"column":35},"end":{"line":102,"column":52}}]},"8":{"type":"branch","line":103,"loc":{"start":{"line":103,"column":35},"end":{"line":103,"column":52}},"locations":[{"start":{"line":103,"column":35},"end":{"line":103,"column":52}}]},"9":{"type":"branch","line":123,"loc":{"start":{"line":123,"column":34},"end":{"line":123,"column":73}},"locations":[{"start":{"line":123,"column":34},"end":{"line":123,"column":73}}]},"10":{"type":"branch","line":123,"loc":{"start":{"line":123,"column":65},"end":{"line":124,"column":120}},"locations":[{"start":{"line":123,"column":65},"end":{"line":124,"column":120}}]},"11":{"type":"branch","line":124,"loc":{"start":{"line":124,"column":36},"end":{"line":124,"column":120}},"locations":[{"start":{"line":124,"column":36},"end":{"line":124,"column":120}}]},"12":{"type":"branch","line":126,"loc":{"start":{"line":126,"column":31},"end":{"line":130,"column":11}},"locations":[{"start":{"line":126,"column":31},"end":{"line":130,"column":11}}]},"13":{"type":"branch","line":127,"loc":{"start":{"line":127,"column":47},"end":{"line":129,"column":7}},"locations":[{"start":{"line":127,"column":47},"end":{"line":129,"column":7}}]},"14":{"type":"branch","line":130,"loc":{"start":{"line":130,"column":4},"end":{"line":132,"column":5}},"locations":[{"start":{"line":130,"column":4},"end":{"line":132,"column":5}}]},"15":{"type":"branch","line":137,"loc":{"start":{"line":137,"column":33},"end":{"line":137,"column":74}},"locations":[{"start":{"line":137,"column":33},"end":{"line":137,"column":74}}]},"16":{"type":"branch","line":137,"loc":{"start":{"line":137,"column":66},"end":{"line":138,"column":31}},"locations":[{"start":{"line":137,"column":66},"end":{"line":138,"column":31}}]},"17":{"type":"branch","line":138,"loc":{"start":{"line":138,"column":26},"end":{"line":139,"column":85}},"locations":[{"start":{"line":138,"column":26},"end":{"line":139,"column":85}}]},"18":{"type":"branch","line":139,"loc":{"start":{"line":139,"column":74},"end":{"line":139,"column":85}},"locations":[{"start":{"line":139,"column":74},"end":{"line":139,"column":85}}]},"19":{"type":"branch","line":141,"loc":{"start":{"line":141,"column":33},"end":{"line":145,"column":11}},"locations":[{"start":{"line":141,"column":33},"end":{"line":145,"column":11}}]},"20":{"type":"branch","line":142,"loc":{"start":{"line":142,"column":49},"end":{"line":144,"column":7}},"locations":[{"start":{"line":142,"column":49},"end":{"line":144,"column":7}}]},"21":{"type":"branch","line":145,"loc":{"start":{"line":145,"column":4},"end":{"line":147,"column":5}},"locations":[{"start":{"line":145,"column":4},"end":{"line":147,"column":5}}]},"22":{"type":"branch","line":149,"loc":{"start":{"line":149,"column":42},"end":{"line":149,"column":76}},"locations":[{"start":{"line":149,"column":42},"end":{"line":149,"column":76}}]},"23":{"type":"branch","line":150,"loc":{"start":{"line":150,"column":42},"end":{"line":150,"column":71}},"locations":[{"start":{"line":150,"column":42},"end":{"line":150,"column":71}}]},"24":{"type":"branch","line":151,"loc":{"start":{"line":151,"column":44},"end":{"line":151,"column":75}},"locations":[{"start":{"line":151,"column":44},"end":{"line":151,"column":75}}]},"25":{"type":"branch","line":155,"loc":{"start":{"line":155,"column":23},"end":{"line":156,"column":44}},"locations":[{"start":{"line":155,"column":23},"end":{"line":156,"column":44}}]},"26":{"type":"branch","line":156,"loc":{"start":{"line":156,"column":37},"end":{"line":157,"column":62}},"locations":[{"start":{"line":156,"column":37},"end":{"line":157,"column":62}}]},"27":{"type":"branch","line":157,"loc":{"start":{"line":157,"column":42},"end":{"line":158,"column":53}},"locations":[{"start":{"line":157,"column":42},"end":{"line":158,"column":53}}]},"28":{"type":"branch","line":159,"loc":{"start":{"line":159,"column":6},"end":{"line":168,"column":5}},"locations":[{"start":{"line":159,"column":6},"end":{"line":168,"column":5}}]},"29":{"type":"branch","line":162,"loc":{"start":{"line":162,"column":206},"end":{"line":162,"column":214}},"locations":[{"start":{"line":162,"column":206},"end":{"line":162,"column":214}}]},"30":{"type":"branch","line":168,"loc":{"start":{"line":168,"column":4},"end":{"line":172,"column":36}},"locations":[{"start":{"line":168,"column":4},"end":{"line":172,"column":36}}]},"31":{"type":"branch","line":172,"loc":{"start":{"line":172,"column":23},"end":{"line":173,"column":46}},"locations":[{"start":{"line":172,"column":23},"end":{"line":173,"column":46}}]},"32":{"type":"branch","line":173,"loc":{"start":{"line":173,"column":39},"end":{"line":174,"column":101}},"locations":[{"start":{"line":173,"column":39},"end":{"line":174,"column":101}}]},"33":{"type":"branch","line":174,"loc":{"start":{"line":174,"column":65},"end":{"line":175,"column":57}},"locations":[{"start":{"line":174,"column":65},"end":{"line":175,"column":57}}]},"34":{"type":"branch","line":176,"loc":{"start":{"line":176,"column":6},"end":{"line":185,"column":5}},"locations":[{"start":{"line":176,"column":6},"end":{"line":185,"column":5}}]},"35":{"type":"branch","line":191,"loc":{"start":{"line":191,"column":2},"end":{"line":241,"column":3}},"locations":[{"start":{"line":191,"column":2},"end":{"line":241,"column":3}}]},"36":{"type":"branch","line":204,"loc":{"start":{"line":204,"column":43},"end":{"line":204,"column":50}},"locations":[{"start":{"line":204,"column":43},"end":{"line":204,"column":50}}]},"37":{"type":"branch","line":206,"loc":{"start":{"line":206,"column":28},"end":{"line":210,"column":5}},"locations":[{"start":{"line":206,"column":28},"end":{"line":210,"column":5}}]},"38":{"type":"branch","line":206,"loc":{"start":{"line":206,"column":28},"end":{"line":208,"column":11}},"locations":[{"start":{"line":206,"column":28},"end":{"line":208,"column":11}}]},"39":{"type":"branch","line":208,"loc":{"start":{"line":208,"column":4},"end":{"line":210,"column":5}},"locations":[{"start":{"line":208,"column":4},"end":{"line":210,"column":5}}]},"40":{"type":"branch","line":233,"loc":{"start":{"line":233,"column":54},"end":{"line":235,"column":5}},"locations":[{"start":{"line":233,"column":54},"end":{"line":235,"column":5}}]},"41":{"type":"branch","line":238,"loc":{"start":{"line":238,"column":30},"end":{"line":240,"column":5}},"locations":[{"start":{"line":238,"column":30},"end":{"line":240,"column":5}}]},"42":{"type":"branch","line":243,"loc":{"start":{"line":243,"column":9},"end":{"line":265,"column":3}},"locations":[{"start":{"line":243,"column":9},"end":{"line":265,"column":3}}]},"43":{"type":"branch","line":245,"loc":{"start":{"line":245,"column":35},"end":{"line":245,"column":52}},"locations":[{"start":{"line":245,"column":35},"end":{"line":245,"column":52}}]},"44":{"type":"branch","line":246,"loc":{"start":{"line":246,"column":35},"end":{"line":246,"column":52}},"locations":[{"start":{"line":246,"column":35},"end":{"line":246,"column":52}}]},"45":{"type":"branch","line":267,"loc":{"start":{"line":267,"column":9},"end":{"line":278,"column":3}},"locations":[{"start":{"line":267,"column":9},"end":{"line":278,"column":3}}]}},"b":{"0":[40],"1":[40],"2":[12],"3":[0],"4":[233],"5":[235],"6":[36],"7":[0],"8":[0],"9":[0],"10":[22],"11":[0],"12":[22],"13":[12],"14":[14],"15":[0],"16":[14],"17":[12],"18":[0],"19":[12],"20":[6],"21":[24],"22":[0],"23":[0],"24":[0],"25":[30],"26":[18],"27":[8],"28":[8],"29":[0],"30":[28],"31":[17],"32":[8],"33":[4],"34":[4],"35":[12],"36":[0],"37":[9],"38":[8],"39":[4],"40":[0],"41":[0],"42":[197],"43":[0],"44":[0],"45":[1]},"fnMap":{"0":{"name":"<instance_members_initializer>","decl":{"start":{"line":8,"column":10},"end":{"line":38,"column":36}},"loc":{"start":{"line":8,"column":10},"end":{"line":38,"column":36}},"line":8},"1":{"name":"WorkerScaler","decl":{"start":{"line":40,"column":2},"end":{"line":52,"column":3}},"loc":{"start":{"line":40,"column":2},"end":{"line":52,"column":3}},"line":40},"2":{"name":"setScaleCallback","decl":{"start":{"line":54,"column":9},"end":{"line":56,"column":3}},"loc":{"start":{"line":54,"column":9},"end":{"line":56,"column":3}},"line":54},"3":{"name":"start","decl":{"start":{"line":58,"column":9},"end":{"line":68,"column":3}},"loc":{"start":{"line":58,"column":9},"end":{"line":68,"column":3}},"line":58},"4":{"name":"stop","decl":{"start":{"line":70,"column":9},"end":{"line":76,"column":3}},"loc":{"start":{"line":70,"column":9},"end":{"line":76,"column":3}},"line":70},"5":{"name":"getTotalQueueSize","decl":{"start":{"line":78,"column":9},"end":{"line":84,"column":3}},"loc":{"start":{"line":78,"column":9},"end":{"line":84,"column":3}},"line":78},"6":{"name":"getMaxQueuePressure","decl":{"start":{"line":89,"column":9},"end":{"line":94,"column":3}},"loc":{"start":{"line":89,"column":9},"end":{"line":94,"column":3}},"line":89},"7":{"name":"evaluate","decl":{"start":{"line":99,"column":2},"end":{"line":186,"column":3}},"loc":{"start":{"line":99,"column":2},"end":{"line":186,"column":3}},"line":99},"8":{"name":"executeScale","decl":{"start":{"line":191,"column":2},"end":{"line":241,"column":3}},"loc":{"start":{"line":191,"column":2},"end":{"line":241,"column":3}},"line":191},"9":{"name":"getTelemetry","decl":{"start":{"line":243,"column":9},"end":{"line":265,"column":3}},"loc":{"start":{"line":243,"column":9},"end":{"line":265,"column":3}},"line":243},"10":{"name":"reset","decl":{"start":{"line":267,"column":9},"end":{"line":278,"column":3}},"loc":{"start":{"line":267,"column":9},"end":{"line":278,"column":3}},"line":267}},"f":{"0":40,"1":40,"2":0,"3":0,"4":12,"5":233,"6":235,"7":36,"8":12,"9":197,"10":1}}
}
